<?xml version="1.0" encoding="UTF-8"?>
<coverage generated="1763914418760" clover="3.2.0">
  <project timestamp="1763914418760" name="All files">
    <metrics statements="479" coveredstatements="451" conditionals="460" coveredconditionals="407" methods="201" coveredmethods="177" elements="1140" coveredelements="1035" complexity="0" loc="479" ncloc="479" packages="8" files="9" classes="9"/>
    <package name="components.common">
      <metrics statements="110" coveredstatements="95" conditionals="119" coveredconditionals="99" methods="46" coveredmethods="34"/>
      <file name="Navbar.tsx" path="/Users/user/Fiilar-Test-App/apps/web/src/components/common/Navbar.tsx">
        <metrics statements="110" coveredstatements="95" conditionals="119" coveredconditionals="99" methods="46" coveredmethods="34"/>
        <line num="21" count="1" type="stmt"/>
        <line num="22" count="85" type="stmt"/>
        <line num="23" count="85" type="stmt"/>
        <line num="24" count="85" type="stmt"/>
        <line num="25" count="85" type="stmt"/>
        <line num="26" count="85" type="stmt"/>
        <line num="27" count="85" type="stmt"/>
        <line num="28" count="85" type="stmt"/>
        <line num="30" count="85" type="stmt"/>
        <line num="34" count="85" type="stmt"/>
        <line num="35" count="85" type="stmt"/>
        <line num="36" count="85" type="stmt"/>
        <line num="37" count="85" type="stmt"/>
        <line num="39" count="85" type="stmt"/>
        <line num="41" count="38" type="cond" truecount="2" falsecount="0"/>
        <line num="42" count="31" type="cond" truecount="2" falsecount="0"/>
        <line num="44" count="7" type="stmt"/>
        <line num="45" count="7" type="stmt"/>
        <line num="46" count="7" type="cond" truecount="2" falsecount="0"/>
        <line num="47" count="7" type="cond" truecount="1" falsecount="1"/>
        <line num="49" count="0" type="stmt"/>
        <line num="54" count="85" type="stmt"/>
        <line num="55" count="22" type="cond" truecount="3" falsecount="1"/>
        <line num="58" count="85" type="stmt"/>
        <line num="59" count="38" type="cond" truecount="2" falsecount="0"/>
        <line num="60" count="9" type="stmt"/>
        <line num="61" count="1" type="cond" truecount="1" falsecount="1"/>
        <line num="62" count="1" type="stmt"/>
        <line num="64" count="1" type="stmt"/>
        <line num="67" count="9" type="stmt"/>
        <line num="68" count="9" type="stmt"/>
        <line num="72" count="85" type="stmt"/>
        <line num="73" count="38" type="stmt"/>
        <line num="74" count="2" type="cond" truecount="2" falsecount="0"/>
        <line num="75" count="1" type="stmt"/>
        <line num="76" count="1" type="cond" truecount="5" falsecount="1"/>
        <line num="77" count="1" type="stmt"/>
        <line num="80" count="38" type="stmt"/>
        <line num="81" count="38" type="stmt"/>
        <line num="84" count="85" type="stmt"/>
        <line num="85" count="5" type="stmt"/>
        <line num="87" count="0" type="stmt"/>
        <line num="96" count="85" type="stmt"/>
        <line num="97" count="22" type="cond" truecount="2" falsecount="0"/>
        <line num="99" count="18" type="stmt"/>
        <line num="100" count="18" type="stmt"/>
        <line num="101" count="18" type="stmt"/>
        <line num="104" count="18" type="stmt"/>
        <line num="105" count="18" type="stmt"/>
        <line num="107" count="18" type="stmt"/>
        <line num="111" count="85" type="stmt"/>
        <line num="112" count="25" type="stmt"/>
        <line num="113" count="1" type="cond" truecount="3" falsecount="1"/>
        <line num="114" count="1" type="stmt"/>
        <line num="118" count="25" type="cond" truecount="2" falsecount="0"/>
        <line num="119" count="2" type="stmt"/>
        <line num="122" count="25" type="stmt"/>
        <line num="123" count="25" type="stmt"/>
        <line num="127" count="85" type="stmt"/>
        <line num="149" count="1" type="cond" truecount="2" falsecount="0"/>
        <line num="177" count="2" type="stmt"/>
        <line num="191" count="0" type="stmt"/>
        <line num="202" count="9" type="stmt"/>
        <line num="229" count="1" type="stmt"/>
        <line num="230" count="1" type="cond" truecount="3" falsecount="1"/>
        <line num="231" count="1" type="stmt"/>
        <line num="232" count="1" type="stmt"/>
        <line num="233" count="1" type="stmt"/>
        <line num="234" count="1" type="stmt"/>
        <line num="235" count="1" type="stmt"/>
        <line num="236" count="1" type="stmt"/>
        <line num="237" count="1" type="cond" truecount="1" falsecount="1"/>
        <line num="238" count="1" type="stmt"/>
        <line num="239" count="1" type="stmt"/>
        <line num="241" count="1" type="stmt"/>
        <line num="242" count="1" type="cond" truecount="3" falsecount="1"/>
        <line num="243" count="1" type="stmt"/>
        <line num="244" count="1" type="stmt"/>
        <line num="246" count="1" type="stmt"/>
        <line num="248" count="0" type="stmt"/>
        <line num="251" count="1" type="stmt"/>
        <line num="252" count="1" type="stmt"/>
        <line num="253" count="1" type="cond" truecount="1" falsecount="1"/>
        <line num="259" count="0" type="stmt"/>
        <line num="260" count="0" type="cond" truecount="2" falsecount="0"/>
        <line num="263" count="0" type="stmt"/>
        <line num="264" count="0" type="stmt"/>
        <line num="268" count="0" type="stmt"/>
        <line num="269" count="0" type="stmt"/>
        <line num="272" count="0" type="cond" truecount="2" falsecount="0"/>
        <line num="275" count="1" type="stmt"/>
        <line num="277" count="1" type="stmt"/>
        <line num="280" count="1" type="stmt"/>
        <line num="287" count="0" type="stmt"/>
        <line num="293" count="0" type="stmt"/>
        <line num="294" count="1" type="stmt"/>
        <line num="295" count="0" type="stmt"/>
        <line num="303" count="5" type="stmt"/>
        <line num="306" count="3" type="stmt"/>
        <line num="353" count="1" type="cond" truecount="1" falsecount="1"/>
        <line num="354" count="1" type="stmt"/>
        <line num="358" count="1" type="cond" truecount="1" falsecount="1"/>
        <line num="359" count="0" type="stmt"/>
        <line num="360" count="1" type="cond" truecount="3" falsecount="1"/>
        <line num="361" count="1" type="stmt"/>
        <line num="362" count="1" type="cond" truecount="1" falsecount="1"/>
        <line num="370" count="1" type="cond" truecount="2" falsecount="0"/>
        <line num="379" count="1" type="stmt"/>
        <line num="392" count="1" type="stmt"/>
        <line num="393" count="1" type="cond" truecount="1" falsecount="1"/>
      </file>
    </package>
    <package name="features.Admin.pages">
      <metrics statements="65" coveredstatements="60" conditionals="48" coveredconditionals="43" methods="32" coveredmethods="26"/>
      <file name="AdminPanel.tsx" path="/Users/user/Fiilar-Test-App/apps/web/src/features/Admin/pages/AdminPanel.tsx">
        <metrics statements="65" coveredstatements="60" conditionals="48" coveredconditionals="43" methods="32" coveredmethods="26"/>
        <line num="16" count="1" type="stmt"/>
        <line num="17" count="31" type="stmt"/>
        <line num="18" count="31" type="stmt"/>
        <line num="21" count="31" type="stmt"/>
        <line num="22" count="31" type="stmt"/>
        <line num="23" count="31" type="stmt"/>
        <line num="24" count="31" type="stmt"/>
        <line num="27" count="62" type="cond" truecount="2" falsecount="0"/>
        <line num="29" count="60" type="stmt"/>
        <line num="32" count="31" type="stmt"/>
        <line num="33" count="20" type="cond" truecount="2" falsecount="0"/>
        <line num="34" count="2" type="stmt"/>
        <line num="38" count="31" type="stmt"/>
        <line num="39" count="2" type="stmt"/>
        <line num="40" count="2" type="stmt"/>
        <line num="41" count="2" type="stmt"/>
        <line num="42" count="2" type="stmt"/>
        <line num="43" count="1" type="stmt"/>
        <line num="45" count="1" type="stmt"/>
        <line num="46" count="1" type="stmt"/>
        <line num="47" count="1" type="stmt"/>
        <line num="49" count="1" type="stmt"/>
        <line num="51" count="2" type="stmt"/>
        <line num="55" count="31" type="stmt"/>
        <line num="56" count="2" type="cond" truecount="2" falsecount="0"/>
        <line num="57" count="1" type="stmt"/>
        <line num="58" count="1" type="stmt"/>
        <line num="60" count="1" type="stmt"/>
        <line num="62" count="2" type="stmt"/>
        <line num="65" count="31" type="stmt"/>
        <line num="66" count="2" type="stmt"/>
        <line num="71" count="2" type="stmt"/>
        <line num="72" count="2" type="cond" truecount="2" falsecount="0"/>
        <line num="73" count="1" type="stmt"/>
        <line num="75" count="2" type="stmt"/>
        <line num="78" count="31" type="stmt"/>
        <line num="79" count="3" type="stmt"/>
        <line num="82" count="31" type="stmt"/>
        <line num="83" count="1" type="cond" truecount="1" falsecount="1"/>
        <line num="84" count="1" type="stmt"/>
        <line num="85" count="1" type="cond" truecount="1" falsecount="1"/>
        <line num="86" count="1" type="stmt"/>
        <line num="88" count="1" type="stmt"/>
        <line num="91" count="31" type="stmt"/>
        <line num="92" count="1" type="stmt"/>
        <line num="98" count="31" type="stmt"/>
        <line num="110" count="0" type="cond" truecount="2" falsecount="0"/>
        <line num="117" count="6" type="cond" truecount="2" falsecount="0"/>
        <line num="124" count="2" type="cond" truecount="2" falsecount="0"/>
        <line num="137" count="0" type="cond" truecount="2" falsecount="0"/>
        <line num="138" count="0" type="cond" truecount="2" falsecount="0"/>
        <line num="139" count="0" type="cond" truecount="2" falsecount="0"/>
        <line num="194" count="24" type="stmt"/>
        <line num="240" count="11" type="stmt"/>
        <line num="265" count="1" type="stmt"/>
        <line num="274" count="1" type="stmt"/>
        <line num="332" count="25" type="stmt"/>
        <line num="360" count="12" type="stmt"/>
        <line num="399" count="12" type="stmt"/>
        <line num="406" count="12" type="cond" truecount="1" falsecount="1"/>
        <line num="414" count="3" type="stmt"/>
        <line num="422" count="1" type="stmt"/>
        <line num="456" count="0" type="stmt"/>
        <line num="465" count="1" type="stmt"/>
        <line num="481" count="1" type="stmt"/>
      </file>
    </package>
    <package name="features.HostDashboard.components">
      <metrics statements="71" coveredstatements="71" conditionals="74" coveredconditionals="63" methods="31" coveredmethods="31"/>
      <file name="HostSettings.tsx" path="/Users/user/Fiilar-Test-App/apps/web/src/features/HostDashboard/components/HostSettings.tsx">
        <metrics statements="71" coveredstatements="71" conditionals="74" coveredconditionals="63" methods="31" coveredmethods="31"/>
        <line num="12" count="1" type="stmt"/>
        <line num="13" count="61" type="stmt"/>
        <line num="16" count="61" type="stmt"/>
        <line num="22" count="61" type="stmt"/>
        <line num="23" count="61" type="stmt"/>
        <line num="25" count="61" type="stmt"/>
        <line num="26" count="61" type="stmt"/>
        <line num="27" count="61" type="stmt"/>
        <line num="28" count="61" type="stmt"/>
        <line num="29" count="61" type="stmt"/>
        <line num="30" count="61" type="stmt"/>
        <line num="31" count="61" type="stmt"/>
        <line num="32" count="61" type="stmt"/>
        <line num="33" count="61" type="stmt"/>
        <line num="34" count="16" type="stmt"/>
        <line num="35" count="16" type="cond" truecount="1" falsecount="1"/>
        <line num="44" count="61" type="stmt"/>
        <line num="45" count="5" type="stmt"/>
        <line num="46" count="5" type="stmt"/>
        <line num="47" count="5" type="stmt"/>
        <line num="50" count="5" type="stmt"/>
        <line num="51" count="5" type="stmt"/>
        <line num="54" count="61" type="stmt"/>
        <line num="55" count="2" type="stmt"/>
        <line num="56" count="2" type="stmt"/>
        <line num="58" count="2" type="stmt"/>
        <line num="60" count="2" type="cond" truecount="1" falsecount="1"/>
        <line num="61" count="2" type="stmt"/>
        <line num="64" count="1" type="stmt"/>
        <line num="65" count="1" type="stmt"/>
        <line num="66" count="1" type="stmt"/>
        <line num="68" count="1" type="stmt"/>
        <line num="70" count="2" type="stmt"/>
        <line num="74" count="61" type="stmt"/>
        <line num="75" count="2" type="stmt"/>
        <line num="77" count="2" type="stmt"/>
        <line num="78" count="2" type="stmt"/>
        <line num="79" count="2" type="stmt"/>
        <line num="80" count="2" type="stmt"/>
        <line num="81" count="2" type="stmt"/>
        <line num="82" count="2" type="stmt"/>
        <line num="83" count="2" type="stmt"/>
        <line num="87" count="61" type="stmt"/>
        <line num="88" count="1" type="stmt"/>
        <line num="97" count="1" type="stmt"/>
        <line num="98" count="1" type="stmt"/>
        <line num="99" count="1" type="stmt"/>
        <line num="103" count="61" type="stmt"/>
        <line num="110" count="61" type="stmt"/>
        <line num="134" count="244" type="stmt"/>
        <line num="135" count="244" type="stmt"/>
        <line num="138" count="7" type="stmt"/>
        <line num="164" count="4" type="stmt"/>
        <line num="172" count="1" type="stmt"/>
        <line num="225" count="2" type="stmt"/>
        <line num="237" count="1" type="stmt"/>
        <line num="249" count="1" type="stmt"/>
        <line num="262" count="1" type="stmt"/>
        <line num="278" count="1" type="stmt"/>
        <line num="287" count="1" type="stmt"/>
        <line num="296" count="1" type="stmt"/>
        <line num="305" count="1" type="stmt"/>
        <line num="314" count="1" type="stmt"/>
        <line num="334" count="5" type="stmt"/>
        <line num="389" count="4" type="stmt"/>
        <line num="398" count="1" type="stmt"/>
        <line num="399" count="1" type="stmt"/>
        <line num="571" count="45" type="stmt"/>
        <line num="574" count="2" type="stmt"/>
        <line num="592" count="1" type="stmt"/>
        <line num="607" count="2" type="stmt"/>
      </file>
    </package>
    <package name="features.HostDashboard.components.CreateListingWizard">
      <metrics statements="8" coveredstatements="8" conditionals="14" coveredconditionals="12" methods="7" coveredmethods="7"/>
      <file name="ListingPhotos.tsx" path="/Users/user/Fiilar-Test-App/apps/web/src/features/HostDashboard/components/CreateListingWizard/ListingPhotos.tsx">
        <metrics statements="8" coveredstatements="8" conditionals="14" coveredconditionals="12" methods="7" coveredmethods="7"/>
        <line num="19" count="1" type="stmt"/>
        <line num="24" count="10" type="stmt"/>
        <line num="79" count="20" type="stmt"/>
        <line num="87" count="1" type="stmt"/>
        <line num="88" count="1" type="stmt"/>
        <line num="97" count="1" type="stmt"/>
        <line num="141" count="1" type="stmt"/>
        <line num="148" count="1" type="stmt"/>
      </file>
    </package>
    <package name="features.HostDashboard.pages">
      <metrics statements="39" coveredstatements="33" conditionals="62" coveredconditionals="62" methods="24" coveredmethods="18"/>
      <file name="HostDashboardPage.tsx" path="/Users/user/Fiilar-Test-App/apps/web/src/features/HostDashboard/pages/HostDashboardPage.tsx">
        <metrics statements="39" coveredstatements="33" conditionals="62" coveredconditionals="62" methods="24" coveredmethods="18"/>
        <line num="37" count="2" type="stmt"/>
        <line num="39" count="38" type="stmt"/>
        <line num="40" count="38" type="stmt"/>
        <line num="41" count="38" type="stmt"/>
        <line num="44" count="38" type="stmt"/>
        <line num="45" count="38" type="cond" truecount="4" falsecount="0"/>
        <line num="49" count="38" type="stmt"/>
        <line num="50" count="9" type="stmt"/>
        <line num="54" count="38" type="stmt"/>
        <line num="57" count="38" type="stmt"/>
        <line num="69" count="38" type="stmt"/>
        <line num="74" count="38" type="stmt"/>
        <line num="79" count="38" type="stmt"/>
        <line num="82" count="38" type="stmt"/>
        <line num="83" count="38" type="stmt"/>
        <line num="84" count="38" type="cond" truecount="2" falsecount="0"/>
        <line num="87" count="38" type="stmt"/>
        <line num="88" count="38" type="stmt"/>
        <line num="90" count="38" type="stmt"/>
        <line num="91" count="1" type="stmt"/>
        <line num="92" count="1" type="stmt"/>
        <line num="93" count="1" type="stmt"/>
        <line num="94" count="1" type="stmt"/>
        <line num="97" count="38" type="stmt"/>
        <line num="106" count="0" type="cond" truecount="2" falsecount="0"/>
        <line num="110" count="1" type="cond" truecount="2" falsecount="0"/>
        <line num="119" count="1" type="cond" truecount="2" falsecount="0"/>
        <line num="128" count="0" type="cond" truecount="2" falsecount="0"/>
        <line num="132" count="0" type="cond" truecount="2" falsecount="0"/>
        <line num="136" count="0" type="cond" truecount="2" falsecount="0"/>
        <line num="148" count="0" type="cond" truecount="2" falsecount="0"/>
        <line num="152" count="0" type="cond" truecount="2" falsecount="0"/>
        <line num="175" count="6" type="stmt"/>
        <line num="187" count="1" type="cond" truecount="2" falsecount="0"/>
        <line num="190" count="1" type="cond" truecount="2" falsecount="0"/>
        <line num="193" count="1" type="cond" truecount="2" falsecount="0"/>
        <line num="196" count="1" type="cond" truecount="2" falsecount="0"/>
        <line num="199" count="1" type="cond" truecount="2" falsecount="0"/>
        <line num="202" count="1" type="cond" truecount="2" falsecount="0"/>
      </file>
    </package>
    <package name="features.Listings.components">
      <metrics statements="27" coveredstatements="27" conditionals="22" coveredconditionals="21" methods="10" coveredmethods="10"/>
      <file name="ListingCard.tsx" path="/Users/user/Fiilar-Test-App/apps/web/src/features/Listings/components/ListingCard.tsx">
        <metrics statements="27" coveredstatements="27" conditionals="22" coveredconditionals="21" methods="10" coveredmethods="10"/>
        <line num="13" count="1" type="stmt"/>
        <line num="14" count="23" type="stmt"/>
        <line num="15" count="23" type="stmt"/>
        <line num="16" count="23" type="stmt"/>
        <line num="17" count="23" type="stmt"/>
        <line num="19" count="23" type="stmt"/>
        <line num="20" count="9" type="stmt"/>
        <line num="21" count="9" type="cond" truecount="2" falsecount="0"/>
        <line num="22" count="6" type="stmt"/>
        <line num="25" count="23" type="stmt"/>
        <line num="26" count="9" type="cond" truecount="2" falsecount="0"/>
        <line num="27" count="8" type="stmt"/>
        <line num="28" count="2" type="stmt"/>
        <line num="30" count="8" type="stmt"/>
        <line num="34" count="23" type="stmt"/>
        <line num="35" count="11" type="stmt"/>
        <line num="38" count="23" type="stmt"/>
        <line num="39" count="2" type="stmt"/>
        <line num="40" count="2" type="stmt"/>
        <line num="42" count="2" type="stmt"/>
        <line num="43" count="2" type="cond" truecount="2" falsecount="0"/>
        <line num="44" count="1" type="stmt"/>
        <line num="45" count="1" type="stmt"/>
        <line num="48" count="1" type="stmt"/>
        <line num="49" count="1" type="stmt"/>
        <line num="52" count="23" type="stmt"/>
        <line num="67" count="1" type="stmt"/>
      </file>
    </package>
    <package name="features.Messaging.components">
      <metrics statements="87" coveredstatements="87" conditionals="74" coveredconditionals="65" methods="29" coveredmethods="29"/>
      <file name="ChatList.tsx" path="/Users/user/Fiilar-Test-App/apps/web/src/features/Messaging/components/ChatList.tsx">
        <metrics statements="26" coveredstatements="26" conditionals="25" coveredconditionals="21" methods="10" coveredmethods="10"/>
        <line num="12" count="2" type="stmt"/>
        <line num="13" count="15" type="stmt"/>
        <line num="14" count="15" type="stmt"/>
        <line num="16" count="15" type="stmt"/>
        <line num="17" count="7" type="stmt"/>
        <line num="20" count="15" type="stmt"/>
        <line num="21" count="7" type="stmt"/>
        <line num="24" count="8" type="stmt"/>
        <line num="25" count="8" type="stmt"/>
        <line num="26" count="8" type="stmt"/>
        <line num="27" count="8" type="stmt"/>
        <line num="30" count="7" type="stmt"/>
        <line num="31" count="7" type="stmt"/>
        <line num="33" count="7" type="stmt"/>
        <line num="36" count="15" type="stmt"/>
        <line num="37" count="12" type="stmt"/>
        <line num="40" count="12" type="cond" truecount="1" falsecount="1"/>
        <line num="43" count="15" type="cond" truecount="2" falsecount="0"/>
        <line num="44" count="9" type="stmt"/>
        <line num="52" count="6" type="stmt"/>
        <line num="59" count="6" type="stmt"/>
        <line num="60" count="6" type="stmt"/>
        <line num="61" count="6" type="stmt"/>
        <line num="62" count="6" type="cond" truecount="3" falsecount="0"/>
        <line num="64" count="6" type="stmt"/>
        <line num="67" count="1" type="stmt"/>
      </file>
      <file name="ChatWindow.tsx" path="/Users/user/Fiilar-Test-App/apps/web/src/features/Messaging/components/ChatWindow.tsx">
        <metrics statements="61" coveredstatements="61" conditionals="49" coveredconditionals="44" methods="19" coveredmethods="19"/>
        <line num="12" count="2" type="stmt"/>
        <line num="13" count="47" type="stmt"/>
        <line num="14" count="47" type="stmt"/>
        <line num="15" count="47" type="stmt"/>
        <line num="16" count="47" type="stmt"/>
        <line num="17" count="47" type="stmt"/>
        <line num="18" count="47" type="stmt"/>
        <line num="19" count="47" type="stmt"/>
        <line num="22" count="47" type="stmt"/>
        <line num="23" count="11" type="stmt"/>
        <line num="24" count="11" type="stmt"/>
        <line num="25" count="11" type="stmt"/>
        <line num="28" count="21" type="cond" truecount="2" falsecount="0"/>
        <line num="29" count="11" type="cond" truecount="2" falsecount="0"/>
        <line num="30" count="1" type="stmt"/>
        <line num="34" count="11" type="stmt"/>
        <line num="35" count="11" type="stmt"/>
        <line num="37" count="11" type="stmt"/>
        <line num="41" count="47" type="stmt"/>
        <line num="42" count="22" type="stmt"/>
        <line num="46" count="47" type="stmt"/>
        <line num="47" count="11" type="stmt"/>
        <line num="48" count="11" type="stmt"/>
        <line num="49" count="11" type="cond" truecount="1" falsecount="1"/>
        <line num="50" count="22" type="stmt"/>
        <line num="51" count="11" type="stmt"/>
        <line num="52" count="22" type="cond" truecount="1" falsecount="1"/>
        <line num="57" count="47" type="stmt"/>
        <line num="58" count="21" type="cond" truecount="2" falsecount="0"/>
        <line num="59" count="7" type="stmt"/>
        <line num="60" count="7" type="cond" truecount="1" falsecount="1"/>
        <line num="61" count="7" type="stmt"/>
        <line num="63" count="14" type="stmt"/>
        <line num="67" count="47" type="stmt"/>
        <line num="68" count="5" type="cond" truecount="1" falsecount="1"/>
        <line num="71" count="5" type="stmt"/>
        <line num="72" count="5" type="stmt"/>
        <line num="74" count="5" type="stmt"/>
        <line num="95" count="5" type="stmt"/>
        <line num="110" count="5" type="stmt"/>
        <line num="111" count="206" type="stmt"/>
        <line num="112" count="5" type="stmt"/>
        <line num="114" count="185" type="stmt"/>
        <line num="115" count="185" type="stmt"/>
        <line num="119" count="5" type="cond" truecount="5" falsecount="0"/>
        <line num="120" count="2" type="stmt"/>
        <line num="121" count="2" type="stmt"/>
        <line num="125" count="3" type="cond" truecount="2" falsecount="0"/>
        <line num="126" count="1" type="stmt"/>
        <line num="127" count="1" type="stmt"/>
        <line num="131" count="2" type="stmt"/>
        <line num="133" count="2" type="stmt"/>
        <line num="134" count="2" type="stmt"/>
        <line num="136" count="2" type="stmt"/>
        <line num="139" count="47" type="stmt"/>
        <line num="171" count="71" type="stmt"/>
        <line num="172" count="71" type="cond" truecount="2" falsecount="0"/>
        <line num="174" count="71" type="stmt"/>
        <line num="207" count="1" type="stmt"/>
        <line num="219" count="8" type="stmt"/>
        <line num="220" count="1" type="cond" truecount="2" falsecount="0"/>
      </file>
    </package>
    <package name="features.Notifications.pages">
      <metrics statements="72" coveredstatements="70" conditionals="47" coveredconditionals="42" methods="22" coveredmethods="22"/>
      <file name="NotificationsPage.tsx" path="/Users/user/Fiilar-Test-App/apps/web/src/features/Notifications/pages/NotificationsPage.tsx">
        <metrics statements="72" coveredstatements="70" conditionals="47" coveredconditionals="42" methods="22" coveredmethods="22"/>
        <line num="11" count="2" type="stmt"/>
        <line num="12" count="25" type="stmt"/>
        <line num="13" count="25" type="stmt"/>
        <line num="14" count="25" type="stmt"/>
        <line num="16" count="25" type="stmt"/>
        <line num="17" count="9" type="stmt"/>
        <line num="20" count="25" type="stmt"/>
        <line num="21" count="12" type="stmt"/>
        <line num="22" count="12" type="stmt"/>
        <line num="25" count="25" type="stmt"/>
        <line num="26" count="1" type="stmt"/>
        <line num="28" count="3" type="stmt"/>
        <line num="29" count="1" type="stmt"/>
        <line num="32" count="25" type="stmt"/>
        <line num="33" count="2" type="stmt"/>
        <line num="34" count="2" type="stmt"/>
        <line num="37" count="25" type="stmt"/>
        <line num="38" count="1" type="stmt"/>
        <line num="39" count="1" type="stmt"/>
        <line num="42" count="25" type="stmt"/>
        <line num="43" count="2" type="cond" truecount="1" falsecount="1"/>
        <line num="44" count="2" type="stmt"/>
        <line num="48" count="2" type="cond" truecount="2" falsecount="0"/>
        <line num="49" count="1" type="stmt"/>
        <line num="50" count="1" type="cond" truecount="3" falsecount="1"/>
        <line num="52" count="1" type="stmt"/>
        <line num="56" count="25" type="stmt"/>
        <line num="57" count="32" type="cond" truecount="2" falsecount="0"/>
        <line num="58" count="12" type="stmt"/>
        <line num="61" count="20" type="cond" truecount="5" falsecount="1"/>
        <line num="63" count="0" type="stmt"/>
        <line num="65" count="0" type="stmt"/>
        <line num="67" count="9" type="stmt"/>
        <line num="69" count="1" type="stmt"/>
        <line num="71" count="9" type="stmt"/>
        <line num="73" count="1" type="stmt"/>
        <line num="77" count="25" type="stmt"/>
        <line num="78" count="32" type="cond" truecount="3" falsecount="0"/>
        <line num="80" count="12" type="stmt"/>
        <line num="82" count="1" type="stmt"/>
        <line num="84" count="19" type="stmt"/>
        <line num="88" count="25" type="stmt"/>
        <line num="89" count="36" type="cond" truecount="2" falsecount="0"/>
        <line num="90" count="33" type="cond" truecount="2" falsecount="0"/>
        <line num="91" count="30" type="stmt"/>
        <line num="94" count="36" type="stmt"/>
        <line num="95" count="36" type="stmt"/>
        <line num="98" count="25" type="stmt"/>
        <line num="99" count="32" type="stmt"/>
        <line num="100" count="32" type="stmt"/>
        <line num="101" count="32" type="stmt"/>
        <line num="102" count="32" type="stmt"/>
        <line num="104" count="32" type="stmt"/>
        <line num="105" count="32" type="cond" truecount="2" falsecount="0"/>
        <line num="106" count="13" type="stmt"/>
        <line num="107" count="19" type="cond" truecount="2" falsecount="0"/>
        <line num="108" count="9" type="stmt"/>
        <line num="109" count="10" type="cond" truecount="2" falsecount="0"/>
        <line num="110" count="1" type="stmt"/>
        <line num="112" count="9" type="stmt"/>
        <line num="115" count="32" type="cond" truecount="1" falsecount="1"/>
        <line num="116" count="32" type="stmt"/>
        <line num="117" count="32" type="stmt"/>
        <line num="120" count="25" type="stmt"/>
        <line num="129" count="1" type="stmt"/>
        <line num="142" count="1" type="stmt"/>
        <line num="151" count="1" type="stmt"/>
        <line num="160" count="1" type="stmt"/>
        <line num="191" count="32" type="stmt"/>
        <line num="195" count="32" type="stmt"/>
        <line num="197" count="2" type="stmt"/>
        <line num="233" count="1" type="stmt"/>
      </file>
    </package>
  </project>
</coverage>
