{"/Users/user/Fiilar-Test-App/apps/web/src/components/common/Navbar.tsx": {"path":"/Users/user/Fiilar-Test-App/apps/web/src/components/common/Navbar.tsx","statementMap":{"0":{"start":{"line":21,"column":38},"end":{"line":407,"column":null}},"1":{"start":{"line":22,"column":38},"end":{"line":22,"column":null}},"2":{"start":{"line":23,"column":40},"end":{"line":23,"column":null}},"3":{"start":{"line":24,"column":50},"end":{"line":24,"column":null}},"4":{"start":{"line":25,"column":8},"end":{"line":25,"column":null}},"5":{"start":{"line":26,"column":8},"end":{"line":26,"column":null}},"6":{"start":{"line":27,"column":8},"end":{"line":27,"column":null}},"7":{"start":{"line":28,"column":8},"end":{"line":28,"column":null}},"8":{"start":{"line":30,"column":32},"end":{"line":32,"column":null}},"9":{"start":{"line":34,"column":34},"end":{"line":34,"column":null}},"10":{"start":{"line":35,"column":50},"end":{"line":35,"column":null}},"11":{"start":{"line":36,"column":36},"end":{"line":36,"column":null}},"12":{"start":{"line":37,"column":8},"end":{"line":37,"column":null}},"13":{"start":{"line":39,"column":2},"end":{"line":52,"column":null}},"14":{"start":{"line":41,"column":4},"end":{"line":51,"column":null}},"15":{"start":{"line":42,"column":6},"end":{"line":42,"column":null}},"16":{"start":{"line":44,"column":6},"end":{"line":50,"column":null}},"17":{"start":{"line":45,"column":18},"end":{"line":45,"column":null}},"18":{"start":{"line":46,"column":20},"end":{"line":46,"column":null}},"19":{"start":{"line":47,"column":8},"end":{"line":47,"column":null}},"20":{"start":{"line":49,"column":8},"end":{"line":49,"column":null}},"21":{"start":{"line":54,"column":2},"end":{"line":56,"column":null}},"22":{"start":{"line":55,"column":4},"end":{"line":55,"column":null}},"23":{"start":{"line":58,"column":2},"end":{"line":69,"column":null}},"24":{"start":{"line":59,"column":4},"end":{"line":59,"column":null}},"25":{"start":{"line":59,"column":24},"end":{"line":59,"column":null}},"26":{"start":{"line":60,"column":18},"end":{"line":66,"column":null}},"27":{"start":{"line":61,"column":6},"end":{"line":65,"column":null}},"28":{"start":{"line":62,"column":8},"end":{"line":62,"column":null}},"29":{"start":{"line":64,"column":8},"end":{"line":64,"column":null}},"30":{"start":{"line":64,"column":25},"end":{"line":64,"column":60}},"31":{"start":{"line":67,"column":4},"end":{"line":67,"column":null}},"32":{"start":{"line":68,"column":4},"end":{"line":68,"column":null}},"33":{"start":{"line":68,"column":17},"end":{"line":68,"column":null}},"34":{"start":{"line":72,"column":2},"end":{"line":82,"column":null}},"35":{"start":{"line":73,"column":23},"end":{"line":79,"column":null}},"36":{"start":{"line":74,"column":6},"end":{"line":74,"column":null}},"37":{"start":{"line":74,"column":26},"end":{"line":74,"column":null}},"38":{"start":{"line":75,"column":21},"end":{"line":75,"column":null}},"39":{"start":{"line":76,"column":6},"end":{"line":78,"column":null}},"40":{"start":{"line":77,"column":8},"end":{"line":77,"column":null}},"41":{"start":{"line":80,"column":4},"end":{"line":80,"column":null}},"42":{"start":{"line":81,"column":4},"end":{"line":81,"column":null}},"43":{"start":{"line":81,"column":17},"end":{"line":81,"column":null}},"44":{"start":{"line":84,"column":18},"end":{"line":92,"column":null}},"45":{"start":{"line":85,"column":4},"end":{"line":92,"column":null}},"46":{"start":{"line":87,"column":21},"end":{"line":87,"column":null}},"47":{"start":{"line":96,"column":2},"end":{"line":108,"column":null}},"48":{"start":{"line":97,"column":4},"end":{"line":97,"column":null}},"49":{"start":{"line":97,"column":15},"end":{"line":97,"column":null}},"50":{"start":{"line":99,"column":36},"end":{"line":102,"column":null}},"51":{"start":{"line":100,"column":12},"end":{"line":100,"column":null}},"52":{"start":{"line":101,"column":6},"end":{"line":101,"column":null}},"53":{"start":{"line":104,"column":4},"end":{"line":104,"column":null}},"54":{"start":{"line":105,"column":21},"end":{"line":105,"column":null}},"55":{"start":{"line":107,"column":4},"end":{"line":107,"column":null}},"56":{"start":{"line":107,"column":17},"end":{"line":107,"column":null}},"57":{"start":{"line":111,"column":2},"end":{"line":125,"column":null}},"58":{"start":{"line":112,"column":31},"end":{"line":116,"column":null}},"59":{"start":{"line":113,"column":6},"end":{"line":115,"column":null}},"60":{"start":{"line":114,"column":8},"end":{"line":114,"column":null}},"61":{"start":{"line":118,"column":4},"end":{"line":120,"column":null}},"62":{"start":{"line":119,"column":6},"end":{"line":119,"column":null}},"63":{"start":{"line":122,"column":4},"end":{"line":124,"column":null}},"64":{"start":{"line":123,"column":6},"end":{"line":123,"column":null}},"65":{"start":{"line":127,"column":2},"end":{"line":405,"column":null}},"66":{"start":{"line":149,"column":31},"end":{"line":149,"column":null}},"67":{"start":{"line":177,"column":33},"end":{"line":177,"column":null}},"68":{"start":{"line":191,"column":35},"end":{"line":191,"column":null}},"69":{"start":{"line":202,"column":31},"end":{"line":202,"column":null}},"70":{"start":{"line":229,"column":28},"end":{"line":229,"column":null}},"71":{"start":{"line":230,"column":18},"end":{"line":230,"column":null}},"72":{"start":{"line":230,"column":35},"end":{"line":230,"column":null}},"73":{"start":{"line":231,"column":33},"end":{"line":231,"column":null}},"74":{"start":{"line":232,"column":18},"end":{"line":250,"column":null}},"75":{"start":{"line":233,"column":36},"end":{"line":233,"column":null}},"76":{"start":{"line":234,"column":20},"end":{"line":249,"column":null}},"77":{"start":{"line":235,"column":28},"end":{"line":235,"column":null}},"78":{"start":{"line":236,"column":34},"end":{"line":236,"column":null}},"79":{"start":{"line":236,"column":55},"end":{"line":236,"column":71}},"80":{"start":{"line":237,"column":22},"end":{"line":240,"column":null}},"81":{"start":{"line":238,"column":24},"end":{"line":238,"column":null}},"82":{"start":{"line":239,"column":24},"end":{"line":239,"column":null}},"83":{"start":{"line":241,"column":28},"end":{"line":241,"column":null}},"84":{"start":{"line":242,"column":22},"end":{"line":245,"column":null}},"85":{"start":{"line":243,"column":24},"end":{"line":243,"column":null}},"86":{"start":{"line":244,"column":24},"end":{"line":244,"column":null}},"87":{"start":{"line":246,"column":22},"end":{"line":246,"column":null}},"88":{"start":{"line":248,"column":22},"end":{"line":248,"column":null}},"89":{"start":{"line":251,"column":18},"end":{"line":251,"column":null}},"90":{"start":{"line":252,"column":18},"end":{"line":252,"column":null}},"91":{"start":{"line":253,"column":18},"end":{"line":253,"column":null}},"92":{"start":{"line":253,"column":32},"end":{"line":253,"column":null}},"93":{"start":{"line":259,"column":41},"end":{"line":259,"column":72}},"94":{"start":{"line":260,"column":103},"end":{"line":260,"column":128}},"95":{"start":{"line":263,"column":78},"end":{"line":263,"column":103}},"96":{"start":{"line":264,"column":78},"end":{"line":264,"column":103}},"97":{"start":{"line":268,"column":72},"end":{"line":268,"column":97}},"98":{"start":{"line":269,"column":70},"end":{"line":269,"column":95}},"99":{"start":{"line":272,"column":130},"end":{"line":272,"column":155}},"100":{"start":{"line":275,"column":45},"end":{"line":275,"column":72}},"101":{"start":{"line":275,"column":72},"end":{"line":275,"column":97}},"102":{"start":{"line":277,"column":45},"end":{"line":277,"column":72}},"103":{"start":{"line":277,"column":72},"end":{"line":277,"column":97}},"104":{"start":{"line":280,"column":43},"end":{"line":280,"column":68}},"105":{"start":{"line":280,"column":68},"end":{"line":280,"column":80}},"106":{"start":{"line":287,"column":45},"end":{"line":287,"column":70}},"107":{"start":{"line":287,"column":70},"end":{"line":287,"column":90}},"108":{"start":{"line":293,"column":43},"end":{"line":293,"column":56}},"109":{"start":{"line":293,"column":56},"end":{"line":293,"column":81}},"110":{"start":{"line":294,"column":43},"end":{"line":294,"column":56}},"111":{"start":{"line":294,"column":56},"end":{"line":294,"column":81}},"112":{"start":{"line":295,"column":43},"end":{"line":295,"column":61}},"113":{"start":{"line":295,"column":61},"end":{"line":295,"column":86}},"114":{"start":{"line":303,"column":49},"end":{"line":303,"column":78}},"115":{"start":{"line":306,"column":49},"end":{"line":306,"column":81}},"116":{"start":{"line":353,"column":18},"end":{"line":355,"column":null}},"117":{"start":{"line":354,"column":20},"end":{"line":354,"column":null}},"118":{"start":{"line":358,"column":18},"end":{"line":363,"column":null}},"119":{"start":{"line":359,"column":20},"end":{"line":359,"column":null}},"120":{"start":{"line":360,"column":18},"end":{"line":363,"column":null}},"121":{"start":{"line":361,"column":20},"end":{"line":361,"column":null}},"122":{"start":{"line":362,"column":20},"end":{"line":362,"column":null}},"123":{"start":{"line":362,"column":36},"end":{"line":362,"column":null}},"124":{"start":{"line":370,"column":33},"end":{"line":370,"column":null}},"125":{"start":{"line":379,"column":29},"end":{"line":379,"column":null}},"126":{"start":{"line":392,"column":20},"end":{"line":392,"column":null}},"127":{"start":{"line":393,"column":20},"end":{"line":393,"column":null}},"128":{"start":{"line":393,"column":36},"end":{"line":393,"column":null}}},"fnMap":{"0":{"name":"(anonymous_0)","decl":{"start":{"line":21,"column":38},"end":{"line":21,"column":39}},"loc":{"start":{"line":21,"column":133},"end":{"line":407,"column":null}},"line":21},"1":{"name":"(anonymous_1)","decl":{"start":{"line":39,"column":12},"end":{"line":39,"column":18}},"loc":{"start":{"line":39,"column":18},"end":{"line":52,"column":5}},"line":39},"2":{"name":"(anonymous_2)","decl":{"start":{"line":54,"column":12},"end":{"line":54,"column":18}},"loc":{"start":{"line":54,"column":18},"end":{"line":56,"column":5}},"line":54},"3":{"name":"(anonymous_3)","decl":{"start":{"line":58,"column":12},"end":{"line":58,"column":18}},"loc":{"start":{"line":58,"column":18},"end":{"line":69,"column":5}},"line":58},"4":{"name":"(anonymous_4)","decl":{"start":{"line":60,"column":18},"end":{"line":60,"column":19}},"loc":{"start":{"line":60,"column":40},"end":{"line":66,"column":null}},"line":60},"5":{"name":"(anonymous_5)","decl":{"start":{"line":64,"column":19},"end":{"line":64,"column":25}},"loc":{"start":{"line":64,"column":25},"end":{"line":64,"column":60}},"line":64},"6":{"name":"(anonymous_6)","decl":{"start":{"line":68,"column":11},"end":{"line":68,"column":17}},"loc":{"start":{"line":68,"column":17},"end":{"line":68,"column":null}},"line":68},"7":{"name":"(anonymous_7)","decl":{"start":{"line":72,"column":12},"end":{"line":72,"column":18}},"loc":{"start":{"line":72,"column":18},"end":{"line":82,"column":5}},"line":72},"8":{"name":"(anonymous_8)","decl":{"start":{"line":73,"column":23},"end":{"line":73,"column":24}},"loc":{"start":{"line":73,"column":42},"end":{"line":79,"column":null}},"line":73},"9":{"name":"(anonymous_9)","decl":{"start":{"line":81,"column":11},"end":{"line":81,"column":17}},"loc":{"start":{"line":81,"column":17},"end":{"line":81,"column":null}},"line":81},"10":{"name":"(anonymous_10)","decl":{"start":{"line":84,"column":18},"end":{"line":84,"column":19}},"loc":{"start":{"line":85,"column":4},"end":{"line":92,"column":null}},"line":85},"11":{"name":"(anonymous_11)","decl":{"start":{"line":87,"column":15},"end":{"line":87,"column":21}},"loc":{"start":{"line":87,"column":21},"end":{"line":87,"column":null}},"line":87},"12":{"name":"(anonymous_12)","decl":{"start":{"line":96,"column":12},"end":{"line":96,"column":18}},"loc":{"start":{"line":96,"column":18},"end":{"line":108,"column":5}},"line":96},"13":{"name":"(anonymous_13)","decl":{"start":{"line":99,"column":36},"end":{"line":99,"column":42}},"loc":{"start":{"line":99,"column":42},"end":{"line":102,"column":null}},"line":99},"14":{"name":"(anonymous_14)","decl":{"start":{"line":107,"column":11},"end":{"line":107,"column":17}},"loc":{"start":{"line":107,"column":17},"end":{"line":107,"column":null}},"line":107},"15":{"name":"(anonymous_15)","decl":{"start":{"line":111,"column":12},"end":{"line":111,"column":18}},"loc":{"start":{"line":111,"column":18},"end":{"line":125,"column":5}},"line":111},"16":{"name":"(anonymous_16)","decl":{"start":{"line":112,"column":31},"end":{"line":112,"column":32}},"loc":{"start":{"line":112,"column":54},"end":{"line":116,"column":null}},"line":112},"17":{"name":"(anonymous_17)","decl":{"start":{"line":122,"column":11},"end":{"line":122,"column":17}},"loc":{"start":{"line":122,"column":17},"end":{"line":124,"column":null}},"line":122},"18":{"name":"(anonymous_18)","decl":{"start":{"line":149,"column":24},"end":{"line":149,"column":25}},"loc":{"start":{"line":149,"column":31},"end":{"line":149,"column":null}},"line":149},"19":{"name":"(anonymous_19)","decl":{"start":{"line":177,"column":27},"end":{"line":177,"column":33}},"loc":{"start":{"line":177,"column":33},"end":{"line":177,"column":null}},"line":177},"20":{"name":"(anonymous_20)","decl":{"start":{"line":191,"column":29},"end":{"line":191,"column":35}},"loc":{"start":{"line":191,"column":35},"end":{"line":191,"column":null}},"line":191},"21":{"name":"(anonymous_21)","decl":{"start":{"line":202,"column":25},"end":{"line":202,"column":31}},"loc":{"start":{"line":202,"column":31},"end":{"line":202,"column":null}},"line":202},"22":{"name":"(anonymous_22)","decl":{"start":{"line":228,"column":26},"end":{"line":228,"column":27}},"loc":{"start":{"line":228,"column":33},"end":{"line":254,"column":null}},"line":228},"23":{"name":"(anonymous_23)","decl":{"start":{"line":232,"column":34},"end":{"line":232,"column":40}},"loc":{"start":{"line":232,"column":40},"end":{"line":250,"column":null}},"line":232},"24":{"name":"(anonymous_24)","decl":{"start":{"line":236,"column":50},"end":{"line":236,"column":55}},"loc":{"start":{"line":236,"column":55},"end":{"line":236,"column":71}},"line":236},"25":{"name":"(anonymous_25)","decl":{"start":{"line":259,"column":35},"end":{"line":259,"column":41}},"loc":{"start":{"line":259,"column":41},"end":{"line":259,"column":72}},"line":259},"26":{"name":"(anonymous_26)","decl":{"start":{"line":260,"column":97},"end":{"line":260,"column":103}},"loc":{"start":{"line":260,"column":103},"end":{"line":260,"column":128}},"line":260},"27":{"name":"(anonymous_27)","decl":{"start":{"line":263,"column":72},"end":{"line":263,"column":78}},"loc":{"start":{"line":263,"column":78},"end":{"line":263,"column":103}},"line":263},"28":{"name":"(anonymous_28)","decl":{"start":{"line":264,"column":72},"end":{"line":264,"column":78}},"loc":{"start":{"line":264,"column":78},"end":{"line":264,"column":103}},"line":264},"29":{"name":"(anonymous_29)","decl":{"start":{"line":268,"column":66},"end":{"line":268,"column":72}},"loc":{"start":{"line":268,"column":72},"end":{"line":268,"column":97}},"line":268},"30":{"name":"(anonymous_30)","decl":{"start":{"line":269,"column":64},"end":{"line":269,"column":70}},"loc":{"start":{"line":269,"column":70},"end":{"line":269,"column":95}},"line":269},"31":{"name":"(anonymous_31)","decl":{"start":{"line":272,"column":124},"end":{"line":272,"column":130}},"loc":{"start":{"line":272,"column":130},"end":{"line":272,"column":155}},"line":272},"32":{"name":"(anonymous_32)","decl":{"start":{"line":275,"column":37},"end":{"line":275,"column":43}},"loc":{"start":{"line":275,"column":43},"end":{"line":275,"column":100}},"line":275},"33":{"name":"(anonymous_33)","decl":{"start":{"line":277,"column":37},"end":{"line":277,"column":43}},"loc":{"start":{"line":277,"column":43},"end":{"line":277,"column":100}},"line":277},"34":{"name":"(anonymous_34)","decl":{"start":{"line":280,"column":35},"end":{"line":280,"column":41}},"loc":{"start":{"line":280,"column":41},"end":{"line":280,"column":83}},"line":280},"35":{"name":"(anonymous_35)","decl":{"start":{"line":287,"column":37},"end":{"line":287,"column":43}},"loc":{"start":{"line":287,"column":43},"end":{"line":287,"column":93}},"line":287},"36":{"name":"(anonymous_36)","decl":{"start":{"line":293,"column":35},"end":{"line":293,"column":41}},"loc":{"start":{"line":293,"column":41},"end":{"line":293,"column":84}},"line":293},"37":{"name":"(anonymous_37)","decl":{"start":{"line":294,"column":35},"end":{"line":294,"column":41}},"loc":{"start":{"line":294,"column":41},"end":{"line":294,"column":84}},"line":294},"38":{"name":"(anonymous_38)","decl":{"start":{"line":295,"column":35},"end":{"line":295,"column":41}},"loc":{"start":{"line":295,"column":41},"end":{"line":295,"column":89}},"line":295},"39":{"name":"(anonymous_39)","decl":{"start":{"line":303,"column":43},"end":{"line":303,"column":49}},"loc":{"start":{"line":303,"column":49},"end":{"line":303,"column":78}},"line":303},"40":{"name":"(anonymous_40)","decl":{"start":{"line":306,"column":43},"end":{"line":306,"column":49}},"loc":{"start":{"line":306,"column":49},"end":{"line":306,"column":81}},"line":306},"41":{"name":"(anonymous_41)","decl":{"start":{"line":352,"column":26},"end":{"line":352,"column":27}},"loc":{"start":{"line":352,"column":33},"end":{"line":356,"column":null}},"line":352},"42":{"name":"(anonymous_42)","decl":{"start":{"line":357,"column":27},"end":{"line":357,"column":28}},"loc":{"start":{"line":357,"column":34},"end":{"line":364,"column":null}},"line":357},"43":{"name":"(anonymous_43)","decl":{"start":{"line":370,"column":27},"end":{"line":370,"column":33}},"loc":{"start":{"line":370,"column":33},"end":{"line":370,"column":null}},"line":370},"44":{"name":"(anonymous_44)","decl":{"start":{"line":379,"column":23},"end":{"line":379,"column":29}},"loc":{"start":{"line":379,"column":29},"end":{"line":379,"column":null}},"line":379},"45":{"name":"(anonymous_45)","decl":{"start":{"line":391,"column":27},"end":{"line":391,"column":33}},"loc":{"start":{"line":391,"column":33},"end":{"line":394,"column":null}},"line":391}},"branchMap":{"0":{"loc":{"start":{"line":31,"column":4},"end":{"line":31,"column":null}},"type":"binary-expr","locations":[{"start":{"line":31,"column":4},"end":{"line":31,"column":21}},{"start":{"line":31,"column":21},"end":{"line":31,"column":null}}],"line":31},"1":{"loc":{"start":{"line":31,"column":21},"end":{"line":31,"column":null}},"type":"cond-expr","locations":[{"start":{"line":31,"column":28},"end":{"line":31,"column":91}},{"start":{"line":31,"column":91},"end":{"line":31,"column":null}}],"line":31},"2":{"loc":{"start":{"line":41,"column":4},"end":{"line":51,"column":null}},"type":"if","locations":[{"start":{"line":41,"column":4},"end":{"line":51,"column":null}},{"start":{"line":43,"column":11},"end":{"line":51,"column":null}}],"line":41},"3":{"loc":{"start":{"line":42,"column":20},"end":{"line":42,"column":47}},"type":"binary-expr","locations":[{"start":{"line":42,"column":20},"end":{"line":42,"column":46}},{"start":{"line":42,"column":46},"end":{"line":42,"column":47}}],"line":42},"4":{"loc":{"start":{"line":46,"column":20},"end":{"line":46,"column":null}},"type":"cond-expr","locations":[{"start":{"line":46,"column":24},"end":{"line":46,"column":40}},{"start":{"line":46,"column":40},"end":{"line":46,"column":null}}],"line":46},"5":{"loc":{"start":{"line":47,"column":22},"end":{"line":47,"column":57}},"type":"cond-expr","locations":[{"start":{"line":47,"column":43},"end":{"line":47,"column":56}},{"start":{"line":47,"column":56},"end":{"line":47,"column":57}}],"line":47},"6":{"loc":{"start":{"line":55,"column":17},"end":{"line":55,"column":109}},"type":"binary-expr","locations":[{"start":{"line":55,"column":17},"end":{"line":55,"column":34}},{"start":{"line":55,"column":34},"end":{"line":55,"column":109}}],"line":55},"7":{"loc":{"start":{"line":55,"column":34},"end":{"line":55,"column":109}},"type":"cond-expr","locations":[{"start":{"line":55,"column":41},"end":{"line":55,"column":104}},{"start":{"line":55,"column":104},"end":{"line":55,"column":109}}],"line":55},"8":{"loc":{"start":{"line":59,"column":4},"end":{"line":59,"column":null}},"type":"if","locations":[{"start":{"line":59,"column":4},"end":{"line":59,"column":null}},{"start":{},"end":{}}],"line":59},"9":{"loc":{"start":{"line":61,"column":6},"end":{"line":65,"column":null}},"type":"if","locations":[{"start":{"line":61,"column":6},"end":{"line":65,"column":null}},{"start":{},"end":{}}],"line":61},"10":{"loc":{"start":{"line":74,"column":6},"end":{"line":74,"column":null}},"type":"if","locations":[{"start":{"line":74,"column":6},"end":{"line":74,"column":null}},{"start":{},"end":{}}],"line":74},"11":{"loc":{"start":{"line":76,"column":6},"end":{"line":78,"column":null}},"type":"if","locations":[{"start":{"line":76,"column":6},"end":{"line":78,"column":null}},{"start":{},"end":{}}],"line":76},"12":{"loc":{"start":{"line":76,"column":10},"end":{"line":76,"column":138}},"type":"binary-expr","locations":[{"start":{"line":76,"column":10},"end":{"line":76,"column":29}},{"start":{"line":76,"column":29},"end":{"line":76,"column":66}},{"start":{"line":76,"column":66},"end":{"line":76,"column":94}},{"start":{"line":76,"column":94},"end":{"line":76,"column":138}}],"line":76},"13":{"loc":{"start":{"line":90,"column":7},"end":{"line":90,"column":null}},"type":"binary-expr","locations":[{"start":{"line":90,"column":7},"end":{"line":90,"column":15}},{"start":{"line":90,"column":15},"end":{"line":90,"column":null}}],"line":90},"14":{"loc":{"start":{"line":97,"column":4},"end":{"line":97,"column":null}},"type":"if","locations":[{"start":{"line":97,"column":4},"end":{"line":97,"column":null}},{"start":{},"end":{}}],"line":97},"15":{"loc":{"start":{"line":113,"column":6},"end":{"line":115,"column":null}},"type":"if","locations":[{"start":{"line":113,"column":6},"end":{"line":115,"column":null}},{"start":{},"end":{}}],"line":113},"16":{"loc":{"start":{"line":113,"column":10},"end":{"line":113,"column":94}},"type":"binary-expr","locations":[{"start":{"line":113,"column":10},"end":{"line":113,"column":37}},{"start":{"line":113,"column":37},"end":{"line":113,"column":94}}],"line":113},"17":{"loc":{"start":{"line":118,"column":4},"end":{"line":120,"column":null}},"type":"if","locations":[{"start":{"line":118,"column":4},"end":{"line":120,"column":null}},{"start":{},"end":{}}],"line":118},"18":{"loc":{"start":{"line":148,"column":21},"end":{"line":148,"column":null}},"type":"binary-expr","locations":[{"start":{"line":148,"column":21},"end":{"line":148,"column":35}},{"start":{"line":148,"column":35},"end":{"line":148,"column":null}}],"line":148},"19":{"loc":{"start":{"line":149,"column":31},"end":{"line":149,"column":null}},"type":"binary-expr","locations":[{"start":{"line":149,"column":31},"end":{"line":149,"column":43}},{"start":{"line":149,"column":43},"end":{"line":149,"column":null}}],"line":149},"20":{"loc":{"start":{"line":160,"column":13},"end":{"line":166,"column":null}},"type":"binary-expr","locations":[{"start":{"line":160,"column":13},"end":{"line":160,"column":null}},{"start":{"line":161,"column":14},"end":{"line":166,"column":null}}],"line":160},"21":{"loc":{"start":{"line":174,"column":13},"end":{"line":194,"column":null}},"type":"binary-expr","locations":[{"start":{"line":174,"column":13},"end":{"line":174,"column":null}},{"start":{"line":175,"column":14},"end":{"line":194,"column":null}}],"line":174},"22":{"loc":{"start":{"line":182,"column":19},"end":{"line":185,"column":null}},"type":"binary-expr","locations":[{"start":{"line":182,"column":19},"end":{"line":182,"column":null}},{"start":{"line":183,"column":20},"end":{"line":185,"column":null}}],"line":182},"23":{"loc":{"start":{"line":184,"column":23},"end":{"line":184,"column":null}},"type":"cond-expr","locations":[{"start":{"line":184,"column":41},"end":{"line":184,"column":48}},{"start":{"line":184,"column":48},"end":{"line":184,"column":null}}],"line":184},"24":{"loc":{"start":{"line":188,"column":17},"end":{"line":192,"column":null}},"type":"binary-expr","locations":[{"start":{"line":188,"column":17},"end":{"line":188,"column":null}},{"start":{"line":189,"column":18},"end":{"line":192,"column":null}}],"line":188},"25":{"loc":{"start":{"line":208,"column":17},"end":{"line":217,"column":null}},"type":"cond-expr","locations":[{"start":{"line":209,"column":18},"end":{"line":211,"column":null}},{"start":{"line":213,"column":18},"end":{"line":217,"column":null}}],"line":208},"26":{"loc":{"start":{"line":214,"column":25},"end":{"line":214,"column":null}},"type":"binary-expr","locations":[{"start":{"line":214,"column":25},"end":{"line":214,"column":38}},{"start":{"line":214,"column":38},"end":{"line":214,"column":53}},{"start":{"line":214,"column":53},"end":{"line":214,"column":null}}],"line":214},"27":{"loc":{"start":{"line":219,"column":17},"end":{"line":219,"column":null}},"type":"binary-expr","locations":[{"start":{"line":219,"column":17},"end":{"line":219,"column":25}},{"start":{"line":219,"column":25},"end":{"line":219,"column":null}}],"line":219},"28":{"loc":{"start":{"line":230,"column":18},"end":{"line":230,"column":null}},"type":"if","locations":[{"start":{"line":230,"column":18},"end":{"line":230,"column":null}},{"start":{},"end":{}}],"line":230},"29":{"loc":{"start":{"line":230,"column":22},"end":{"line":230,"column":35}},"type":"binary-expr","locations":[{"start":{"line":230,"column":22},"end":{"line":230,"column":28}},{"start":{"line":230,"column":28},"end":{"line":230,"column":35}}],"line":230},"30":{"loc":{"start":{"line":237,"column":22},"end":{"line":240,"column":null}},"type":"if","locations":[{"start":{"line":237,"column":22},"end":{"line":240,"column":null}},{"start":{},"end":{}}],"line":237},"31":{"loc":{"start":{"line":242,"column":22},"end":{"line":245,"column":null}},"type":"if","locations":[{"start":{"line":242,"column":22},"end":{"line":245,"column":null}},{"start":{},"end":{}}],"line":242},"32":{"loc":{"start":{"line":242,"column":26},"end":{"line":242,"column":61}},"type":"binary-expr","locations":[{"start":{"line":242,"column":26},"end":{"line":242,"column":37}},{"start":{"line":242,"column":37},"end":{"line":242,"column":61}}],"line":242},"33":{"loc":{"start":{"line":253,"column":18},"end":{"line":253,"column":null}},"type":"if","locations":[{"start":{"line":253,"column":18},"end":{"line":253,"column":null}},{"start":{},"end":{}}],"line":253},"34":{"loc":{"start":{"line":257,"column":15},"end":{"line":281,"column":null}},"type":"binary-expr","locations":[{"start":{"line":257,"column":15},"end":{"line":257,"column":32}},{"start":{"line":257,"column":32},"end":{"line":257,"column":null}},{"start":{"line":258,"column":16},"end":{"line":281,"column":null}}],"line":257},"35":{"loc":{"start":{"line":260,"column":28},"end":{"line":260,"column":88}},"type":"cond-expr","locations":[{"start":{"line":260,"column":54},"end":{"line":260,"column":74}},{"start":{"line":260,"column":74},"end":{"line":260,"column":88}}],"line":260},"36":{"loc":{"start":{"line":261,"column":19},"end":{"line":270,"column":null}},"type":"cond-expr","locations":[{"start":{"line":262,"column":20},"end":{"line":265,"column":null}},{"start":{"line":267,"column":20},"end":{"line":270,"column":null}}],"line":261},"37":{"loc":{"start":{"line":272,"column":28},"end":{"line":272,"column":115}},"type":"cond-expr","locations":[{"start":{"line":272,"column":54},"end":{"line":272,"column":88}},{"start":{"line":272,"column":88},"end":{"line":272,"column":115}}],"line":272},"38":{"loc":{"start":{"line":274,"column":19},"end":{"line":277,"column":null}},"type":"cond-expr","locations":[{"start":{"line":275,"column":20},"end":{"line":275,"column":null}},{"start":{"line":277,"column":20},"end":{"line":277,"column":null}}],"line":274},"39":{"loc":{"start":{"line":284,"column":15},"end":{"line":296,"column":null}},"type":"binary-expr","locations":[{"start":{"line":284,"column":15},"end":{"line":284,"column":32}},{"start":{"line":284,"column":32},"end":{"line":284,"column":null}},{"start":{"line":285,"column":16},"end":{"line":296,"column":null}}],"line":284},"40":{"loc":{"start":{"line":307,"column":15},"end":{"line":307,"column":null}},"type":"cond-expr","locations":[{"start":{"line":307,"column":30},"end":{"line":307,"column":48}},{"start":{"line":307,"column":48},"end":{"line":307,"column":null}}],"line":307},"41":{"loc":{"start":{"line":314,"column":7},"end":{"line":333,"column":null}},"type":"binary-expr","locations":[{"start":{"line":314,"column":7},"end":{"line":314,"column":null}},{"start":{"line":315,"column":8},"end":{"line":333,"column":null}}],"line":314},"42":{"loc":{"start":{"line":317,"column":11},"end":{"line":331,"column":null}},"type":"cond-expr","locations":[{"start":{"line":318,"column":12},"end":{"line":322,"column":null}},{"start":{"line":324,"column":12},"end":{"line":331,"column":null}}],"line":317},"43":{"loc":{"start":{"line":325,"column":15},"end":{"line":325,"column":null}},"type":"binary-expr","locations":[{"start":{"line":325,"column":15},"end":{"line":325,"column":42}},{"start":{"line":325,"column":42},"end":{"line":325,"column":null}}],"line":325},"44":{"loc":{"start":{"line":326,"column":15},"end":{"line":326,"column":null}},"type":"binary-expr","locations":[{"start":{"line":326,"column":15},"end":{"line":326,"column":42}},{"start":{"line":326,"column":42},"end":{"line":326,"column":null}}],"line":326},"45":{"loc":{"start":{"line":327,"column":15},"end":{"line":327,"column":null}},"type":"binary-expr","locations":[{"start":{"line":327,"column":15},"end":{"line":327,"column":43}},{"start":{"line":327,"column":43},"end":{"line":327,"column":null}}],"line":327},"46":{"loc":{"start":{"line":337,"column":7},"end":{"line":403,"column":null}},"type":"binary-expr","locations":[{"start":{"line":337,"column":7},"end":{"line":337,"column":null}},{"start":{"line":338,"column":8},"end":{"line":403,"column":null}}],"line":337},"47":{"loc":{"start":{"line":351,"column":23},"end":{"line":351,"column":null}},"type":"binary-expr","locations":[{"start":{"line":351,"column":23},"end":{"line":351,"column":37}},{"start":{"line":351,"column":37},"end":{"line":351,"column":null}}],"line":351},"48":{"loc":{"start":{"line":353,"column":18},"end":{"line":355,"column":null}},"type":"if","locations":[{"start":{"line":353,"column":18},"end":{"line":355,"column":null}},{"start":{},"end":{}}],"line":353},"49":{"loc":{"start":{"line":358,"column":18},"end":{"line":363,"column":null}},"type":"if","locations":[{"start":{"line":358,"column":18},"end":{"line":363,"column":null}},{"start":{"line":360,"column":18},"end":{"line":363,"column":null}}],"line":358},"50":{"loc":{"start":{"line":360,"column":18},"end":{"line":363,"column":null}},"type":"if","locations":[{"start":{"line":360,"column":18},"end":{"line":363,"column":null}},{"start":{},"end":{}}],"line":360},"51":{"loc":{"start":{"line":360,"column":29},"end":{"line":360,"column":62}},"type":"binary-expr","locations":[{"start":{"line":360,"column":29},"end":{"line":360,"column":50}},{"start":{"line":360,"column":50},"end":{"line":360,"column":62}}],"line":360},"52":{"loc":{"start":{"line":362,"column":20},"end":{"line":362,"column":null}},"type":"if","locations":[{"start":{"line":362,"column":20},"end":{"line":362,"column":null}},{"start":{},"end":{}}],"line":362},"53":{"loc":{"start":{"line":368,"column":15},"end":{"line":375,"column":null}},"type":"binary-expr","locations":[{"start":{"line":368,"column":15},"end":{"line":368,"column":null}},{"start":{"line":369,"column":16},"end":{"line":375,"column":null}}],"line":368},"54":{"loc":{"start":{"line":370,"column":33},"end":{"line":370,"column":null}},"type":"binary-expr","locations":[{"start":{"line":370,"column":33},"end":{"line":370,"column":45}},{"start":{"line":370,"column":45},"end":{"line":370,"column":null}}],"line":370},"55":{"loc":{"start":{"line":388,"column":13},"end":{"line":400,"column":null}},"type":"binary-expr","locations":[{"start":{"line":388,"column":13},"end":{"line":388,"column":null}},{"start":{"line":389,"column":14},"end":{"line":400,"column":null}}],"line":388},"56":{"loc":{"start":{"line":393,"column":20},"end":{"line":393,"column":null}},"type":"if","locations":[{"start":{"line":393,"column":20},"end":{"line":393,"column":null}},{"start":{},"end":{}}],"line":393}},"s":{"0":1,"1":85,"2":85,"3":85,"4":85,"5":85,"6":85,"7":85,"8":85,"9":85,"10":85,"11":85,"12":85,"13":85,"14":38,"15":31,"16":7,"17":7,"18":7,"19":7,"20":0,"21":85,"22":22,"23":85,"24":38,"25":29,"26":9,"27":1,"28":1,"29":1,"30":1,"31":9,"32":9,"33":9,"34":85,"35":38,"36":2,"37":1,"38":1,"39":1,"40":1,"41":38,"42":38,"43":38,"44":85,"45":5,"46":0,"47":85,"48":22,"49":4,"50":18,"51":18,"52":18,"53":18,"54":18,"55":18,"56":18,"57":85,"58":25,"59":1,"60":1,"61":25,"62":2,"63":25,"64":25,"65":85,"66":1,"67":2,"68":0,"69":9,"70":1,"71":1,"72":0,"73":1,"74":1,"75":1,"76":1,"77":1,"78":1,"79":1,"80":1,"81":1,"82":1,"83":1,"84":1,"85":1,"86":1,"87":1,"88":0,"89":1,"90":1,"91":1,"92":1,"93":0,"94":0,"95":0,"96":0,"97":0,"98":0,"99":0,"100":1,"101":1,"102":1,"103":1,"104":1,"105":1,"106":0,"107":0,"108":0,"109":0,"110":1,"111":1,"112":0,"113":0,"114":5,"115":3,"116":1,"117":1,"118":1,"119":0,"120":1,"121":1,"122":1,"123":1,"124":1,"125":1,"126":1,"127":1,"128":1},"f":{"0":85,"1":38,"2":22,"3":38,"4":1,"5":1,"6":9,"7":38,"8":2,"9":38,"10":5,"11":0,"12":22,"13":18,"14":18,"15":25,"16":1,"17":25,"18":1,"19":2,"20":0,"21":9,"22":1,"23":1,"24":1,"25":0,"26":0,"27":0,"28":0,"29":0,"30":0,"31":0,"32":1,"33":1,"34":1,"35":0,"36":0,"37":1,"38":0,"39":5,"40":3,"41":1,"42":1,"43":1,"44":1,"45":1},"b":{"0":[85,13],"1":[0,13],"2":[31,7],"3":[31,31],"4":[2,5],"5":[7,0],"6":[22,4],"7":[0,4],"8":[29,9],"9":[1,0],"10":[1,1],"11":[1,0],"12":[1,1,1,1],"13":[5,5],"14":[4,18],"15":[1,0],"16":[1,1],"17":[2,23],"18":[85,74],"19":[1,1],"20":[85,13],"21":[85,72],"22":[72,48],"23":[0,48],"24":[72,2],"25":[13,72],"26":[72,0,0],"27":[85,72],"28":[0,1],"29":[1,1],"30":[1,0],"31":[1,0],"32":[1,1],"33":[1,0],"34":[85,18,14],"35":[2,12],"36":[2,12],"37":[2,12],"38":[2,12],"39":[85,18,4],"40":[3,82],"41":[85,3],"42":[2,1],"43":[1,0],"44":[1,1],"45":[1,0],"46":[85,5],"47":[5,2],"48":[1,0],"49":[0,1],"50":[1,0],"51":[1,1],"52":[1,0],"53":[5,3],"54":[1,1],"55":[5,3],"56":[1,0]},"meta":{"lastBranch":57,"lastFunction":46,"lastStatement":129,"seen":{"s:21:38:407:Infinity":0,"f:21:38:21:39":0,"s:22:38:22:Infinity":1,"s:23:40:23:Infinity":2,"s:24:50:24:Infinity":3,"s:25:8:25:Infinity":4,"s:26:8:26:Infinity":5,"s:27:8:27:Infinity":6,"s:28:8:28:Infinity":7,"s:30:32:32:Infinity":8,"b:31:4:31:21:31:21:31:Infinity":0,"b:31:28:31:91:31:91:31:Infinity":1,"s:34:34:34:Infinity":9,"s:35:50:35:Infinity":10,"s:36:36:36:Infinity":11,"s:37:8:37:Infinity":12,"s:39:2:52:Infinity":13,"f:39:12:39:18":1,"b:41:4:51:Infinity:43:11:51:Infinity":2,"s:41:4:51:Infinity":14,"s:42:6:42:Infinity":15,"b:42:20:42:46:42:46:42:47":3,"s:44:6:50:Infinity":16,"s:45:18:45:Infinity":17,"s:46:20:46:Infinity":18,"b:46:24:46:40:46:40:46:Infinity":4,"s:47:8:47:Infinity":19,"b:47:43:47:56:47:56:47:57":5,"s:49:8:49:Infinity":20,"s:54:2:56:Infinity":21,"f:54:12:54:18":2,"s:55:4:55:Infinity":22,"b:55:17:55:34:55:34:55:109":6,"b:55:41:55:104:55:104:55:109":7,"s:58:2:69:Infinity":23,"f:58:12:58:18":3,"b:59:4:59:Infinity:undefined:undefined:undefined:undefined":8,"s:59:4:59:Infinity":24,"s:59:24:59:Infinity":25,"s:60:18:66:Infinity":26,"f:60:18:60:19":4,"b:61:6:65:Infinity:undefined:undefined:undefined:undefined":9,"s:61:6:65:Infinity":27,"s:62:8:62:Infinity":28,"s:64:8:64:Infinity":29,"f:64:19:64:25":5,"s:64:25:64:60":30,"s:67:4:67:Infinity":31,"s:68:4:68:Infinity":32,"f:68:11:68:17":6,"s:68:17:68:Infinity":33,"s:72:2:82:Infinity":34,"f:72:12:72:18":7,"s:73:23:79:Infinity":35,"f:73:23:73:24":8,"b:74:6:74:Infinity:undefined:undefined:undefined:undefined":10,"s:74:6:74:Infinity":36,"s:74:26:74:Infinity":37,"s:75:21:75:Infinity":38,"b:76:6:78:Infinity:undefined:undefined:undefined:undefined":11,"s:76:6:78:Infinity":39,"b:76:10:76:29:76:29:76:66:76:66:76:94:76:94:76:138":12,"s:77:8:77:Infinity":40,"s:80:4:80:Infinity":41,"s:81:4:81:Infinity":42,"f:81:11:81:17":9,"s:81:17:81:Infinity":43,"s:84:18:92:Infinity":44,"f:84:18:84:19":10,"s:85:4:92:Infinity":45,"f:87:15:87:21":11,"s:87:21:87:Infinity":46,"b:90:7:90:15:90:15:90:Infinity":13,"s:96:2:108:Infinity":47,"f:96:12:96:18":12,"b:97:4:97:Infinity:undefined:undefined:undefined:undefined":14,"s:97:4:97:Infinity":48,"s:97:15:97:Infinity":49,"s:99:36:102:Infinity":50,"f:99:36:99:42":13,"s:100:12:100:Infinity":51,"s:101:6:101:Infinity":52,"s:104:4:104:Infinity":53,"s:105:21:105:Infinity":54,"s:107:4:107:Infinity":55,"f:107:11:107:17":14,"s:107:17:107:Infinity":56,"s:111:2:125:Infinity":57,"f:111:12:111:18":15,"s:112:31:116:Infinity":58,"f:112:31:112:32":16,"b:113:6:115:Infinity:undefined:undefined:undefined:undefined":15,"s:113:6:115:Infinity":59,"b:113:10:113:37:113:37:113:94":16,"s:114:8:114:Infinity":60,"b:118:4:120:Infinity:undefined:undefined:undefined:undefined":17,"s:118:4:120:Infinity":61,"s:119:6:119:Infinity":62,"s:122:4:124:Infinity":63,"f:122:11:122:17":17,"s:123:6:123:Infinity":64,"s:127:2:405:Infinity":65,"b:148:21:148:35:148:35:148:Infinity":18,"f:149:24:149:25":18,"s:149:31:149:Infinity":66,"b:149:31:149:43:149:43:149:Infinity":19,"b:160:13:160:Infinity:161:14:166:Infinity":20,"b:174:13:174:Infinity:175:14:194:Infinity":21,"f:177:27:177:33":19,"s:177:33:177:Infinity":67,"b:182:19:182:Infinity:183:20:185:Infinity":22,"b:184:41:184:48:184:48:184:Infinity":23,"b:188:17:188:Infinity:189:18:192:Infinity":24,"f:191:29:191:35":20,"s:191:35:191:Infinity":68,"f:202:25:202:31":21,"s:202:31:202:Infinity":69,"b:209:18:211:Infinity:213:18:217:Infinity":25,"b:214:25:214:38:214:38:214:53:214:53:214:Infinity":26,"b:219:17:219:25:219:25:219:Infinity":27,"f:228:26:228:27":22,"s:229:28:229:Infinity":70,"b:230:18:230:Infinity:undefined:undefined:undefined:undefined":28,"s:230:18:230:Infinity":71,"b:230:22:230:28:230:28:230:35":29,"s:230:35:230:Infinity":72,"s:231:33:231:Infinity":73,"s:232:18:250:Infinity":74,"f:232:34:232:40":23,"s:233:36:233:Infinity":75,"s:234:20:249:Infinity":76,"s:235:28:235:Infinity":77,"s:236:34:236:Infinity":78,"f:236:50:236:55":24,"s:236:55:236:71":79,"b:237:22:240:Infinity:undefined:undefined:undefined:undefined":30,"s:237:22:240:Infinity":80,"s:238:24:238:Infinity":81,"s:239:24:239:Infinity":82,"s:241:28:241:Infinity":83,"b:242:22:245:Infinity:undefined:undefined:undefined:undefined":31,"s:242:22:245:Infinity":84,"b:242:26:242:37:242:37:242:61":32,"s:243:24:243:Infinity":85,"s:244:24:244:Infinity":86,"s:246:22:246:Infinity":87,"s:248:22:248:Infinity":88,"s:251:18:251:Infinity":89,"s:252:18:252:Infinity":90,"b:253:18:253:Infinity:undefined:undefined:undefined:undefined":33,"s:253:18:253:Infinity":91,"s:253:32:253:Infinity":92,"b:257:15:257:32:257:32:257:Infinity:258:16:281:Infinity":34,"f:259:35:259:41":25,"s:259:41:259:72":93,"b:260:54:260:74:260:74:260:88":35,"f:260:97:260:103":26,"s:260:103:260:128":94,"b:262:20:265:Infinity:267:20:270:Infinity":36,"f:263:72:263:78":27,"s:263:78:263:103":95,"f:264:72:264:78":28,"s:264:78:264:103":96,"f:268:66:268:72":29,"s:268:72:268:97":97,"f:269:64:269:70":30,"s:269:70:269:95":98,"b:272:54:272:88:272:88:272:115":37,"f:272:124:272:130":31,"s:272:130:272:155":99,"b:275:20:275:Infinity:277:20:277:Infinity":38,"f:275:37:275:43":32,"s:275:45:275:72":100,"s:275:72:275:97":101,"f:277:37:277:43":33,"s:277:45:277:72":102,"s:277:72:277:97":103,"f:280:35:280:41":34,"s:280:43:280:68":104,"s:280:68:280:80":105,"b:284:15:284:32:284:32:284:Infinity:285:16:296:Infinity":39,"f:287:37:287:43":35,"s:287:45:287:70":106,"s:287:70:287:90":107,"f:293:35:293:41":36,"s:293:43:293:56":108,"s:293:56:293:81":109,"f:294:35:294:41":37,"s:294:43:294:56":110,"s:294:56:294:81":111,"f:295:35:295:41":38,"s:295:43:295:61":112,"s:295:61:295:86":113,"f:303:43:303:49":39,"s:303:49:303:78":114,"f:306:43:306:49":40,"s:306:49:306:81":115,"b:307:30:307:48:307:48:307:Infinity":40,"b:314:7:314:Infinity:315:8:333:Infinity":41,"b:318:12:322:Infinity:324:12:331:Infinity":42,"b:325:15:325:42:325:42:325:Infinity":43,"b:326:15:326:42:326:42:326:Infinity":44,"b:327:15:327:43:327:43:327:Infinity":45,"b:337:7:337:Infinity:338:8:403:Infinity":46,"b:351:23:351:37:351:37:351:Infinity":47,"f:352:26:352:27":41,"b:353:18:355:Infinity:undefined:undefined:undefined:undefined":48,"s:353:18:355:Infinity":116,"s:354:20:354:Infinity":117,"f:357:27:357:28":42,"b:358:18:363:Infinity:360:18:363:Infinity":49,"s:358:18:363:Infinity":118,"s:359:20:359:Infinity":119,"b:360:18:363:Infinity:undefined:undefined:undefined:undefined":50,"s:360:18:363:Infinity":120,"b:360:29:360:50:360:50:360:62":51,"s:361:20:361:Infinity":121,"b:362:20:362:Infinity:undefined:undefined:undefined:undefined":52,"s:362:20:362:Infinity":122,"s:362:36:362:Infinity":123,"b:368:15:368:Infinity:369:16:375:Infinity":53,"f:370:27:370:33":43,"s:370:33:370:Infinity":124,"b:370:33:370:45:370:45:370:Infinity":54,"f:379:23:379:29":44,"s:379:29:379:Infinity":125,"b:388:13:388:Infinity:389:14:400:Infinity":55,"f:391:27:391:33":45,"s:392:20:392:Infinity":126,"b:393:20:393:Infinity:undefined:undefined:undefined:undefined":56,"s:393:20:393:Infinity":127,"s:393:36:393:Infinity":128}}}
,"/Users/user/Fiilar-Test-App/apps/web/src/features/Admin/pages/AdminPanel.tsx": {"path":"/Users/user/Fiilar-Test-App/apps/web/src/features/Admin/pages/AdminPanel.tsx","statementMap":{"0":{"start":{"line":16,"column":46},"end":{"line":504,"column":null}},"1":{"start":{"line":17,"column":32},"end":{"line":17,"column":null}},"2":{"start":{"line":18,"column":42},"end":{"line":20,"column":null}},"3":{"start":{"line":21,"column":34},"end":{"line":21,"column":null}},"4":{"start":{"line":22,"column":30},"end":{"line":22,"column":null}},"5":{"start":{"line":23,"column":38},"end":{"line":23,"column":null}},"6":{"start":{"line":24,"column":28},"end":{"line":24,"column":null}},"7":{"start":{"line":27,"column":26},"end":{"line":27,"column":null}},"8":{"start":{"line":27,"column":44},"end":{"line":27,"column":79}},"9":{"start":{"line":29,"column":26},"end":{"line":29,"column":null}},"10":{"start":{"line":29,"column":47},"end":{"line":29,"column":90}},"11":{"start":{"line":32,"column":2},"end":{"line":36,"column":null}},"12":{"start":{"line":33,"column":4},"end":{"line":35,"column":null}},"13":{"start":{"line":34,"column":6},"end":{"line":34,"column":null}},"14":{"start":{"line":38,"column":28},"end":{"line":53,"column":null}},"15":{"start":{"line":39,"column":4},"end":{"line":39,"column":null}},"16":{"start":{"line":40,"column":4},"end":{"line":52,"column":null}},"17":{"start":{"line":41,"column":12},"end":{"line":41,"column":null}},"18":{"start":{"line":42,"column":33},"end":{"line":42,"column":null}},"19":{"start":{"line":43,"column":30},"end":{"line":43,"column":null}},"20":{"start":{"line":45,"column":6},"end":{"line":45,"column":null}},"21":{"start":{"line":46,"column":6},"end":{"line":46,"column":null}},"22":{"start":{"line":47,"column":6},"end":{"line":47,"column":null}},"23":{"start":{"line":47,"column":53},"end":{"line":47,"column":118}},"24":{"start":{"line":49,"column":6},"end":{"line":49,"column":null}},"25":{"start":{"line":51,"column":6},"end":{"line":51,"column":null}},"26":{"start":{"line":55,"column":27},"end":{"line":63,"column":null}},"27":{"start":{"line":56,"column":4},"end":{"line":61,"column":null}},"28":{"start":{"line":57,"column":6},"end":{"line":57,"column":null}},"29":{"start":{"line":58,"column":6},"end":{"line":58,"column":null}},"30":{"start":{"line":60,"column":6},"end":{"line":60,"column":null}},"31":{"start":{"line":62,"column":4},"end":{"line":62,"column":null}},"32":{"start":{"line":65,"column":31},"end":{"line":76,"column":null}},"33":{"start":{"line":66,"column":27},"end":{"line":70,"column":null}},"34":{"start":{"line":71,"column":4},"end":{"line":71,"column":null}},"35":{"start":{"line":72,"column":4},"end":{"line":74,"column":null}},"36":{"start":{"line":73,"column":6},"end":{"line":73,"column":null}},"37":{"start":{"line":75,"column":4},"end":{"line":75,"column":null}},"38":{"start":{"line":78,"column":29},"end":{"line":80,"column":null}},"39":{"start":{"line":79,"column":4},"end":{"line":79,"column":null}},"40":{"start":{"line":82,"column":32},"end":{"line":89,"column":null}},"41":{"start":{"line":83,"column":4},"end":{"line":83,"column":null}},"42":{"start":{"line":83,"column":35},"end":{"line":83,"column":null}},"43":{"start":{"line":84,"column":20},"end":{"line":84,"column":null}},"44":{"start":{"line":84,"column":39},"end":{"line":84,"column":72}},"45":{"start":{"line":85,"column":4},"end":{"line":87,"column":null}},"46":{"start":{"line":86,"column":6},"end":{"line":86,"column":null}},"47":{"start":{"line":88,"column":4},"end":{"line":88,"column":null}},"48":{"start":{"line":91,"column":33},"end":{"line":96,"column":null}},"49":{"start":{"line":92,"column":4},"end":{"line":95,"column":null}},"50":{"start":{"line":92,"column":31},"end":{"line":95,"column":6}},"51":{"start":{"line":98,"column":2},"end":{"line":502,"column":null}},"52":{"start":{"line":110,"column":33},"end":{"line":110,"column":54}},"53":{"start":{"line":117,"column":33},"end":{"line":117,"column":59}},"54":{"start":{"line":124,"column":33},"end":{"line":124,"column":61}},"55":{"start":{"line":137,"column":35},"end":{"line":137,"column":56}},"56":{"start":{"line":138,"column":35},"end":{"line":138,"column":61}},"57":{"start":{"line":139,"column":35},"end":{"line":139,"column":63}},"58":{"start":{"line":194,"column":89},"end":{"line":194,"column":102}},"59":{"start":{"line":240,"column":28},"end":{"line":281,"column":null}},"60":{"start":{"line":265,"column":51},"end":{"line":265,"column":null}},"61":{"start":{"line":274,"column":51},"end":{"line":274,"column":null}},"62":{"start":{"line":332,"column":92},"end":{"line":332,"column":123}},"63":{"start":{"line":360,"column":18},"end":{"line":430,"column":null}},"64":{"start":{"line":399,"column":28},"end":{"line":399,"column":null}},"65":{"start":{"line":406,"column":93},"end":{"line":406,"column":110}},"66":{"start":{"line":414,"column":43},"end":{"line":414,"column":null}},"67":{"start":{"line":422,"column":43},"end":{"line":422,"column":null}},"68":{"start":{"line":456,"column":43},"end":{"line":456,"column":110}},"69":{"start":{"line":465,"column":39},"end":{"line":465,"column":null}},"70":{"start":{"line":481,"column":39},"end":{"line":481,"column":null}}},"fnMap":{"0":{"name":"(anonymous_0)","decl":{"start":{"line":16,"column":46},"end":{"line":16,"column":47}},"loc":{"start":{"line":16,"column":84},"end":{"line":504,"column":null}},"line":16},"1":{"name":"(anonymous_1)","decl":{"start":{"line":27,"column":39},"end":{"line":27,"column":44}},"loc":{"start":{"line":27,"column":44},"end":{"line":27,"column":79}},"line":27},"2":{"name":"(anonymous_2)","decl":{"start":{"line":29,"column":42},"end":{"line":29,"column":47}},"loc":{"start":{"line":29,"column":47},"end":{"line":29,"column":90}},"line":29},"3":{"name":"(anonymous_3)","decl":{"start":{"line":32,"column":12},"end":{"line":32,"column":18}},"loc":{"start":{"line":32,"column":18},"end":{"line":36,"column":5}},"line":32},"4":{"name":"(anonymous_4)","decl":{"start":{"line":38,"column":28},"end":{"line":38,"column":40}},"loc":{"start":{"line":38,"column":40},"end":{"line":53,"column":null}},"line":38},"5":{"name":"(anonymous_5)","decl":{"start":{"line":47,"column":43},"end":{"line":47,"column":44}},"loc":{"start":{"line":47,"column":53},"end":{"line":47,"column":118}},"line":47},"6":{"name":"(anonymous_6)","decl":{"start":{"line":55,"column":27},"end":{"line":55,"column":28}},"loc":{"start":{"line":55,"column":65},"end":{"line":63,"column":null}},"line":55},"7":{"name":"(anonymous_7)","decl":{"start":{"line":65,"column":31},"end":{"line":65,"column":32}},"loc":{"start":{"line":65,"column":88},"end":{"line":76,"column":null}},"line":65},"8":{"name":"(anonymous_8)","decl":{"start":{"line":78,"column":29},"end":{"line":78,"column":30}},"loc":{"start":{"line":78,"column":45},"end":{"line":80,"column":null}},"line":78},"9":{"name":"(anonymous_9)","decl":{"start":{"line":82,"column":32},"end":{"line":82,"column":38}},"loc":{"start":{"line":82,"column":38},"end":{"line":89,"column":null}},"line":82},"10":{"name":"(anonymous_10)","decl":{"start":{"line":84,"column":34},"end":{"line":84,"column":39}},"loc":{"start":{"line":84,"column":39},"end":{"line":84,"column":72}},"line":84},"11":{"name":"(anonymous_11)","decl":{"start":{"line":91,"column":33},"end":{"line":91,"column":39}},"loc":{"start":{"line":91,"column":39},"end":{"line":96,"column":null}},"line":91},"12":{"name":"(anonymous_12)","decl":{"start":{"line":92,"column":22},"end":{"line":92,"column":31}},"loc":{"start":{"line":92,"column":31},"end":{"line":95,"column":6}},"line":92},"13":{"name":"(anonymous_13)","decl":{"start":{"line":110,"column":27},"end":{"line":110,"column":33}},"loc":{"start":{"line":110,"column":33},"end":{"line":110,"column":54}},"line":110},"14":{"name":"(anonymous_14)","decl":{"start":{"line":117,"column":27},"end":{"line":117,"column":33}},"loc":{"start":{"line":117,"column":33},"end":{"line":117,"column":59}},"line":117},"15":{"name":"(anonymous_15)","decl":{"start":{"line":124,"column":27},"end":{"line":124,"column":33}},"loc":{"start":{"line":124,"column":33},"end":{"line":124,"column":61}},"line":124},"16":{"name":"(anonymous_16)","decl":{"start":{"line":137,"column":29},"end":{"line":137,"column":35}},"loc":{"start":{"line":137,"column":35},"end":{"line":137,"column":56}},"line":137},"17":{"name":"(anonymous_17)","decl":{"start":{"line":138,"column":29},"end":{"line":138,"column":35}},"loc":{"start":{"line":138,"column":35},"end":{"line":138,"column":61}},"line":138},"18":{"name":"(anonymous_18)","decl":{"start":{"line":139,"column":29},"end":{"line":139,"column":35}},"loc":{"start":{"line":139,"column":35},"end":{"line":139,"column":63}},"line":139},"19":{"name":"(anonymous_19)","decl":{"start":{"line":194,"column":84},"end":{"line":194,"column":89}},"loc":{"start":{"line":194,"column":89},"end":{"line":194,"column":102}},"line":194},"20":{"name":"(anonymous_20)","decl":{"start":{"line":239,"column":46},"end":{"line":239,"column":null}},"loc":{"start":{"line":240,"column":28},"end":{"line":281,"column":null}},"line":240},"21":{"name":"(anonymous_21)","decl":{"start":{"line":265,"column":45},"end":{"line":265,"column":51}},"loc":{"start":{"line":265,"column":51},"end":{"line":265,"column":null}},"line":265},"22":{"name":"(anonymous_22)","decl":{"start":{"line":274,"column":45},"end":{"line":274,"column":51}},"loc":{"start":{"line":274,"column":51},"end":{"line":274,"column":null}},"line":274},"23":{"name":"(anonymous_23)","decl":{"start":{"line":332,"column":87},"end":{"line":332,"column":92}},"loc":{"start":{"line":332,"column":92},"end":{"line":332,"column":123}},"line":332},"24":{"name":"(anonymous_24)","decl":{"start":{"line":359,"column":37},"end":{"line":359,"column":null}},"loc":{"start":{"line":360,"column":18},"end":{"line":430,"column":null}},"line":360},"25":{"name":"(anonymous_25)","decl":{"start":{"line":398,"column":40},"end":{"line":398,"column":41}},"loc":{"start":{"line":399,"column":28},"end":{"line":399,"column":null}},"line":399},"26":{"name":"(anonymous_26)","decl":{"start":{"line":406,"column":88},"end":{"line":406,"column":93}},"loc":{"start":{"line":406,"column":93},"end":{"line":406,"column":110}},"line":406},"27":{"name":"(anonymous_27)","decl":{"start":{"line":414,"column":37},"end":{"line":414,"column":43}},"loc":{"start":{"line":414,"column":43},"end":{"line":414,"column":null}},"line":414},"28":{"name":"(anonymous_28)","decl":{"start":{"line":422,"column":37},"end":{"line":422,"column":43}},"loc":{"start":{"line":422,"column":43},"end":{"line":422,"column":null}},"line":422},"29":{"name":"(anonymous_29)","decl":{"start":{"line":456,"column":37},"end":{"line":456,"column":43}},"loc":{"start":{"line":456,"column":43},"end":{"line":456,"column":110}},"line":456},"30":{"name":"(anonymous_30)","decl":{"start":{"line":465,"column":32},"end":{"line":465,"column":33}},"loc":{"start":{"line":465,"column":39},"end":{"line":465,"column":null}},"line":465},"31":{"name":"(anonymous_31)","decl":{"start":{"line":481,"column":33},"end":{"line":481,"column":39}},"loc":{"start":{"line":481,"column":39},"end":{"line":481,"column":null}},"line":481}},"branchMap":{"0":{"loc":{"start":{"line":27,"column":44},"end":{"line":27,"column":79}},"type":"binary-expr","locations":[{"start":{"line":27,"column":44},"end":{"line":27,"column":62}},{"start":{"line":27,"column":62},"end":{"line":27,"column":79}}],"line":27},"1":{"loc":{"start":{"line":33,"column":4},"end":{"line":35,"column":null}},"type":"if","locations":[{"start":{"line":33,"column":4},"end":{"line":35,"column":null}},{"start":{},"end":{}}],"line":33},"2":{"loc":{"start":{"line":56,"column":4},"end":{"line":61,"column":null}},"type":"if","locations":[{"start":{"line":56,"column":4},"end":{"line":61,"column":null}},{"start":{"line":59,"column":11},"end":{"line":61,"column":null}}],"line":56},"3":{"loc":{"start":{"line":68,"column":14},"end":{"line":68,"column":null}},"type":"cond-expr","locations":[{"start":{"line":68,"column":24},"end":{"line":68,"column":45}},{"start":{"line":68,"column":45},"end":{"line":68,"column":null}}],"line":68},"4":{"loc":{"start":{"line":72,"column":4},"end":{"line":74,"column":null}},"type":"if","locations":[{"start":{"line":72,"column":4},"end":{"line":74,"column":null}},{"start":{},"end":{}}],"line":72},"5":{"loc":{"start":{"line":83,"column":4},"end":{"line":83,"column":null}},"type":"if","locations":[{"start":{"line":83,"column":4},"end":{"line":83,"column":null}},{"start":{},"end":{}}],"line":83},"6":{"loc":{"start":{"line":85,"column":4},"end":{"line":87,"column":null}},"type":"if","locations":[{"start":{"line":85,"column":4},"end":{"line":87,"column":null}},{"start":{},"end":{}}],"line":85},"7":{"loc":{"start":{"line":110,"column":160},"end":{"line":110,"column":245}},"type":"cond-expr","locations":[{"start":{"line":110,"column":182},"end":{"line":110,"column":213}},{"start":{"line":110,"column":213},"end":{"line":110,"column":245}}],"line":110},"8":{"loc":{"start":{"line":113,"column":13},"end":{"line":114,"column":null}},"type":"binary-expr","locations":[{"start":{"line":113,"column":13},"end":{"line":113,"column":null}},{"start":{"line":114,"column":14},"end":{"line":114,"column":null}}],"line":113},"9":{"loc":{"start":{"line":117,"column":165},"end":{"line":117,"column":255}},"type":"cond-expr","locations":[{"start":{"line":117,"column":192},"end":{"line":117,"column":223}},{"start":{"line":117,"column":223},"end":{"line":117,"column":255}}],"line":117},"10":{"loc":{"start":{"line":120,"column":13},"end":{"line":121,"column":null}},"type":"binary-expr","locations":[{"start":{"line":120,"column":13},"end":{"line":120,"column":null}},{"start":{"line":121,"column":14},"end":{"line":121,"column":null}}],"line":120},"11":{"loc":{"start":{"line":124,"column":167},"end":{"line":124,"column":259}},"type":"cond-expr","locations":[{"start":{"line":124,"column":196},"end":{"line":124,"column":227}},{"start":{"line":124,"column":227},"end":{"line":124,"column":259}}],"line":124},"12":{"loc":{"start":{"line":137,"column":191},"end":{"line":137,"column":268}},"type":"cond-expr","locations":[{"start":{"line":137,"column":213},"end":{"line":137,"column":241}},{"start":{"line":137,"column":241},"end":{"line":137,"column":268}}],"line":137},"13":{"loc":{"start":{"line":138,"column":196},"end":{"line":138,"column":278}},"type":"cond-expr","locations":[{"start":{"line":138,"column":223},"end":{"line":138,"column":251}},{"start":{"line":138,"column":251},"end":{"line":138,"column":278}}],"line":138},"14":{"loc":{"start":{"line":139,"column":198},"end":{"line":139,"column":282}},"type":"cond-expr","locations":[{"start":{"line":139,"column":227},"end":{"line":139,"column":255}},{"start":{"line":139,"column":255},"end":{"line":139,"column":282}}],"line":139},"15":{"loc":{"start":{"line":147,"column":13},"end":{"line":288,"column":null}},"type":"binary-expr","locations":[{"start":{"line":147,"column":13},"end":{"line":147,"column":null}},{"start":{"line":148,"column":14},"end":{"line":288,"column":null}}],"line":147},"16":{"loc":{"start":{"line":226,"column":25},"end":{"line":282,"column":null}},"type":"cond-expr","locations":[{"start":{"line":227,"column":26},"end":{"line":237,"column":null}},{"start":{"line":239,"column":26},"end":{"line":282,"column":null}}],"line":226},"17":{"loc":{"start":{"line":251,"column":33},"end":{"line":256,"column":null}},"type":"cond-expr","locations":[{"start":{"line":252,"column":34},"end":{"line":254,"column":null}},{"start":{"line":256,"column":34},"end":{"line":256,"column":null}}],"line":251},"18":{"loc":{"start":{"line":291,"column":13},"end":{"line":432,"column":null}},"type":"binary-expr","locations":[{"start":{"line":291,"column":13},"end":{"line":291,"column":null}},{"start":{"line":292,"column":14},"end":{"line":432,"column":null}}],"line":291},"19":{"loc":{"start":{"line":350,"column":17},"end":{"line":357,"column":null}},"type":"binary-expr","locations":[{"start":{"line":350,"column":17},"end":{"line":350,"column":null}},{"start":{"line":351,"column":18},"end":{"line":357,"column":null}}],"line":350},"20":{"loc":{"start":{"line":386,"column":25},"end":{"line":389,"column":null}},"type":"binary-expr","locations":[{"start":{"line":386,"column":25},"end":{"line":386,"column":null}},{"start":{"line":387,"column":26},"end":{"line":389,"column":null}}],"line":386},"21":{"loc":{"start":{"line":406,"column":77},"end":{"line":406,"column":131}},"type":"binary-expr","locations":[{"start":{"line":406,"column":77},"end":{"line":406,"column":121}},{"start":{"line":406,"column":121},"end":{"line":406,"column":131}}],"line":406},"22":{"loc":{"start":{"line":436,"column":13},"end":{"line":445,"column":null}},"type":"binary-expr","locations":[{"start":{"line":436,"column":13},"end":{"line":436,"column":null}},{"start":{"line":437,"column":14},"end":{"line":445,"column":null}}],"line":436},"23":{"loc":{"start":{"line":449,"column":13},"end":{"line":497,"column":null}},"type":"binary-expr","locations":[{"start":{"line":449,"column":13},"end":{"line":449,"column":null}},{"start":{"line":450,"column":14},"end":{"line":497,"column":null}}],"line":449}},"s":{"0":1,"1":31,"2":31,"3":31,"4":31,"5":31,"6":31,"7":31,"8":62,"9":31,"10":60,"11":31,"12":20,"13":2,"14":31,"15":2,"16":2,"17":2,"18":2,"19":1,"20":1,"21":1,"22":1,"23":0,"24":1,"25":2,"26":31,"27":2,"28":1,"29":1,"30":1,"31":2,"32":31,"33":2,"34":2,"35":2,"36":1,"37":2,"38":31,"39":3,"40":31,"41":1,"42":0,"43":1,"44":1,"45":1,"46":1,"47":1,"48":31,"49":1,"50":1,"51":31,"52":0,"53":6,"54":2,"55":0,"56":0,"57":0,"58":24,"59":11,"60":1,"61":1,"62":25,"63":12,"64":12,"65":12,"66":3,"67":1,"68":0,"69":1,"70":1},"f":{"0":31,"1":62,"2":60,"3":20,"4":2,"5":0,"6":2,"7":2,"8":3,"9":1,"10":1,"11":1,"12":1,"13":0,"14":6,"15":2,"16":0,"17":0,"18":0,"19":24,"20":11,"21":1,"22":1,"23":25,"24":12,"25":12,"26":12,"27":3,"28":1,"29":0,"30":1,"31":1},"b":{"0":[62,30],"1":[2,18],"2":[1,1],"3":[1,1],"4":[1,1],"5":[0,1],"6":[1,0],"7":[12,19],"8":[31,30],"9":[13,18],"10":[31,29],"11":[6,25],"12":[12,19],"13":[13,18],"14":[6,25],"15":[31,12],"16":[1,11],"17":[11,0],"18":[31,13],"19":[13,1],"20":[12,0],"21":[12,0],"22":[31,6],"23":[31,5]},"meta":{"lastBranch":24,"lastFunction":32,"lastStatement":71,"seen":{"s:16:46:504:Infinity":0,"f:16:46:16:47":0,"s:17:32:17:Infinity":1,"s:18:42:20:Infinity":2,"s:21:34:21:Infinity":3,"s:22:30:22:Infinity":4,"s:23:38:23:Infinity":5,"s:24:28:24:Infinity":6,"s:27:26:27:Infinity":7,"f:27:39:27:44":1,"s:27:44:27:79":8,"b:27:44:27:62:27:62:27:79":0,"s:29:26:29:Infinity":9,"f:29:42:29:47":2,"s:29:47:29:90":10,"s:32:2:36:Infinity":11,"f:32:12:32:18":3,"b:33:4:35:Infinity:undefined:undefined:undefined:undefined":1,"s:33:4:35:Infinity":12,"s:34:6:34:Infinity":13,"s:38:28:53:Infinity":14,"f:38:28:38:40":4,"s:39:4:39:Infinity":15,"s:40:4:52:Infinity":16,"s:41:12:41:Infinity":17,"s:42:33:42:Infinity":18,"s:43:30:43:Infinity":19,"s:45:6:45:Infinity":20,"s:46:6:46:Infinity":21,"s:47:6:47:Infinity":22,"f:47:43:47:44":5,"s:47:53:47:118":23,"s:49:6:49:Infinity":24,"s:51:6:51:Infinity":25,"s:55:27:63:Infinity":26,"f:55:27:55:28":6,"b:56:4:61:Infinity:59:11:61:Infinity":2,"s:56:4:61:Infinity":27,"s:57:6:57:Infinity":28,"s:58:6:58:Infinity":29,"s:60:6:60:Infinity":30,"s:62:4:62:Infinity":31,"s:65:31:76:Infinity":32,"f:65:31:65:32":7,"s:66:27:70:Infinity":33,"b:68:24:68:45:68:45:68:Infinity":3,"s:71:4:71:Infinity":34,"b:72:4:74:Infinity:undefined:undefined:undefined:undefined":4,"s:72:4:74:Infinity":35,"s:73:6:73:Infinity":36,"s:75:4:75:Infinity":37,"s:78:29:80:Infinity":38,"f:78:29:78:30":8,"s:79:4:79:Infinity":39,"s:82:32:89:Infinity":40,"f:82:32:82:38":9,"b:83:4:83:Infinity:undefined:undefined:undefined:undefined":5,"s:83:4:83:Infinity":41,"s:83:35:83:Infinity":42,"s:84:20:84:Infinity":43,"f:84:34:84:39":10,"s:84:39:84:72":44,"b:85:4:87:Infinity:undefined:undefined:undefined:undefined":6,"s:85:4:87:Infinity":45,"s:86:6:86:Infinity":46,"s:88:4:88:Infinity":47,"s:91:33:96:Infinity":48,"f:91:33:91:39":11,"s:92:4:95:Infinity":49,"f:92:22:92:31":12,"s:92:31:95:6":50,"s:98:2:502:Infinity":51,"f:110:27:110:33":13,"s:110:33:110:54":52,"b:110:182:110:213:110:213:110:245":7,"b:113:13:113:Infinity:114:14:114:Infinity":8,"f:117:27:117:33":14,"s:117:33:117:59":53,"b:117:192:117:223:117:223:117:255":9,"b:120:13:120:Infinity:121:14:121:Infinity":10,"f:124:27:124:33":15,"s:124:33:124:61":54,"b:124:196:124:227:124:227:124:259":11,"f:137:29:137:35":16,"s:137:35:137:56":55,"b:137:213:137:241:137:241:137:268":12,"f:138:29:138:35":17,"s:138:35:138:61":56,"b:138:223:138:251:138:251:138:278":13,"f:139:29:139:35":18,"s:139:35:139:63":57,"b:139:227:139:255:139:255:139:282":14,"b:147:13:147:Infinity:148:14:288:Infinity":15,"f:194:84:194:89":19,"s:194:89:194:102":58,"b:227:26:237:Infinity:239:26:282:Infinity":16,"f:239:46:239:Infinity":20,"s:240:28:281:Infinity":59,"b:252:34:254:Infinity:256:34:256:Infinity":17,"f:265:45:265:51":21,"s:265:51:265:Infinity":60,"f:274:45:274:51":22,"s:274:51:274:Infinity":61,"b:291:13:291:Infinity:292:14:432:Infinity":18,"f:332:87:332:92":23,"s:332:92:332:123":62,"b:350:17:350:Infinity:351:18:357:Infinity":19,"f:359:37:359:Infinity":24,"s:360:18:430:Infinity":63,"b:386:25:386:Infinity:387:26:389:Infinity":20,"f:398:40:398:41":25,"s:399:28:399:Infinity":64,"b:406:77:406:121:406:121:406:131":21,"f:406:88:406:93":26,"s:406:93:406:110":65,"f:414:37:414:43":27,"s:414:43:414:Infinity":66,"f:422:37:422:43":28,"s:422:43:422:Infinity":67,"b:436:13:436:Infinity:437:14:445:Infinity":22,"b:449:13:449:Infinity:450:14:497:Infinity":23,"f:456:37:456:43":29,"s:456:43:456:110":68,"f:465:32:465:33":30,"s:465:39:465:Infinity":69,"f:481:33:481:39":31,"s:481:39:481:Infinity":70}}}
,"/Users/user/Fiilar-Test-App/apps/web/src/features/HostDashboard/components/HostSettings.tsx": {"path":"/Users/user/Fiilar-Test-App/apps/web/src/features/HostDashboard/components/HostSettings.tsx","statementMap":{"0":{"start":{"line":12,"column":50},"end":{"line":630,"column":null}},"1":{"start":{"line":13,"column":34},"end":{"line":13,"column":null}},"2":{"start":{"line":16,"column":32},"end":{"line":21,"column":null}},"3":{"start":{"line":22,"column":34},"end":{"line":22,"column":null}},"4":{"start":{"line":23,"column":32},"end":{"line":23,"column":null}},"5":{"start":{"line":25,"column":44},"end":{"line":25,"column":null}},"6":{"start":{"line":26,"column":48},"end":{"line":26,"column":null}},"7":{"start":{"line":27,"column":46},"end":{"line":27,"column":null}},"8":{"start":{"line":28,"column":50},"end":{"line":28,"column":null}},"9":{"start":{"line":29,"column":46},"end":{"line":29,"column":null}},"10":{"start":{"line":30,"column":50},"end":{"line":30,"column":null}},"11":{"start":{"line":31,"column":36},"end":{"line":31,"column":null}},"12":{"start":{"line":32,"column":44},"end":{"line":32,"column":null}},"13":{"start":{"line":33,"column":42},"end":{"line":42,"column":null}},"14":{"start":{"line":34,"column":22},"end":{"line":34,"column":null}},"15":{"start":{"line":35,"column":8},"end":{"line":41,"column":null}},"16":{"start":{"line":44,"column":35},"end":{"line":52,"column":null}},"17":{"start":{"line":45,"column":24},"end":{"line":45,"column":null}},"18":{"start":{"line":46,"column":8},"end":{"line":46,"column":null}},"19":{"start":{"line":47,"column":8},"end":{"line":47,"column":null}},"20":{"start":{"line":50,"column":8},"end":{"line":50,"column":null}},"21":{"start":{"line":51,"column":8},"end":{"line":51,"column":null}},"22":{"start":{"line":51,"column":25},"end":{"line":51,"column":51}},"23":{"start":{"line":54,"column":30},"end":{"line":72,"column":null}},"24":{"start":{"line":55,"column":8},"end":{"line":55,"column":null}},"25":{"start":{"line":56,"column":8},"end":{"line":71,"column":null}},"26":{"start":{"line":58,"column":12},"end":{"line":58,"column":null}},"27":{"start":{"line":58,"column":41},"end":{"line":58,"column":66}},"28":{"start":{"line":60,"column":12},"end":{"line":62,"column":null}},"29":{"start":{"line":61,"column":16},"end":{"line":61,"column":null}},"30":{"start":{"line":64,"column":12},"end":{"line":64,"column":null}},"31":{"start":{"line":65,"column":12},"end":{"line":65,"column":null}},"32":{"start":{"line":66,"column":12},"end":{"line":66,"column":null}},"33":{"start":{"line":66,"column":29},"end":{"line":66,"column":55}},"34":{"start":{"line":68,"column":12},"end":{"line":68,"column":null}},"35":{"start":{"line":70,"column":12},"end":{"line":70,"column":null}},"36":{"start":{"line":74,"column":33},"end":{"line":85,"column":null}},"37":{"start":{"line":75,"column":8},"end":{"line":75,"column":null}},"38":{"start":{"line":77,"column":8},"end":{"line":77,"column":null}},"39":{"start":{"line":78,"column":8},"end":{"line":78,"column":null}},"40":{"start":{"line":79,"column":8},"end":{"line":84,"column":null}},"41":{"start":{"line":80,"column":12},"end":{"line":80,"column":null}},"42":{"start":{"line":81,"column":12},"end":{"line":81,"column":null}},"43":{"start":{"line":82,"column":12},"end":{"line":82,"column":null}},"44":{"start":{"line":83,"column":12},"end":{"line":83,"column":null}},"45":{"start":{"line":87,"column":32},"end":{"line":101,"column":null}},"46":{"start":{"line":88,"column":8},"end":{"line":88,"column":null}},"47":{"start":{"line":97,"column":8},"end":{"line":100,"column":null}},"48":{"start":{"line":98,"column":12},"end":{"line":98,"column":null}},"49":{"start":{"line":99,"column":12},"end":{"line":99,"column":null}},"50":{"start":{"line":103,"column":17},"end":{"line":108,"column":null}},"51":{"start":{"line":110,"column":4},"end":{"line":628,"column":null}},"52":{"start":{"line":134,"column":41},"end":{"line":134,"column":null}},"53":{"start":{"line":135,"column":28},"end":{"line":146,"column":null}},"54":{"start":{"line":138,"column":51},"end":{"line":138,"column":null}},"55":{"start":{"line":164,"column":55},"end":{"line":164,"column":null}},"56":{"start":{"line":172,"column":59},"end":{"line":172,"column":null}},"57":{"start":{"line":225,"column":61},"end":{"line":225,"column":null}},"58":{"start":{"line":237,"column":61},"end":{"line":237,"column":null}},"59":{"start":{"line":249,"column":61},"end":{"line":249,"column":null}},"60":{"start":{"line":262,"column":57},"end":{"line":262,"column":null}},"61":{"start":{"line":278,"column":65},"end":{"line":278,"column":null}},"62":{"start":{"line":287,"column":65},"end":{"line":287,"column":null}},"63":{"start":{"line":296,"column":65},"end":{"line":296,"column":null}},"64":{"start":{"line":305,"column":65},"end":{"line":305,"column":null}},"65":{"start":{"line":314,"column":65},"end":{"line":314,"column":null}},"66":{"start":{"line":334,"column":59},"end":{"line":334,"column":null}},"67":{"start":{"line":389,"column":65},"end":{"line":389,"column":null}},"68":{"start":{"line":398,"column":52},"end":{"line":398,"column":null}},"69":{"start":{"line":399,"column":52},"end":{"line":399,"column":null}},"70":{"start":{"line":571,"column":48},"end":{"line":582,"column":null}},"71":{"start":{"line":574,"column":67},"end":{"line":574,"column":null}},"72":{"start":{"line":592,"column":61},"end":{"line":592,"column":null}},"73":{"start":{"line":607,"column":61},"end":{"line":607,"column":null}}},"fnMap":{"0":{"name":"(anonymous_0)","decl":{"start":{"line":12,"column":50},"end":{"line":12,"column":51}},"loc":{"start":{"line":12,"column":78},"end":{"line":630,"column":null}},"line":12},"1":{"name":"(anonymous_1)","decl":{"start":{"line":33,"column":55},"end":{"line":33,"column":61}},"loc":{"start":{"line":33,"column":61},"end":{"line":42,"column":5}},"line":33},"2":{"name":"(anonymous_2)","decl":{"start":{"line":44,"column":35},"end":{"line":44,"column":36}},"loc":{"start":{"line":44,"column":68},"end":{"line":52,"column":null}},"line":44},"3":{"name":"(anonymous_3)","decl":{"start":{"line":51,"column":19},"end":{"line":51,"column":25}},"loc":{"start":{"line":51,"column":25},"end":{"line":51,"column":51}},"line":51},"4":{"name":"(anonymous_4)","decl":{"start":{"line":54,"column":30},"end":{"line":54,"column":42}},"loc":{"start":{"line":54,"column":42},"end":{"line":72,"column":null}},"line":54},"5":{"name":"(anonymous_5)","decl":{"start":{"line":58,"column":30},"end":{"line":58,"column":41}},"loc":{"start":{"line":58,"column":41},"end":{"line":58,"column":66}},"line":58},"6":{"name":"(anonymous_6)","decl":{"start":{"line":66,"column":23},"end":{"line":66,"column":29}},"loc":{"start":{"line":66,"column":29},"end":{"line":66,"column":55}},"line":66},"7":{"name":"(anonymous_7)","decl":{"start":{"line":74,"column":33},"end":{"line":74,"column":34}},"loc":{"start":{"line":74,"column":57},"end":{"line":85,"column":null}},"line":74},"8":{"name":"(anonymous_8)","decl":{"start":{"line":79,"column":19},"end":{"line":79,"column":25}},"loc":{"start":{"line":79,"column":25},"end":{"line":84,"column":11}},"line":79},"9":{"name":"(anonymous_9)","decl":{"start":{"line":87,"column":32},"end":{"line":87,"column":38}},"loc":{"start":{"line":87,"column":38},"end":{"line":101,"column":null}},"line":87},"10":{"name":"(anonymous_10)","decl":{"start":{"line":97,"column":19},"end":{"line":97,"column":25}},"loc":{"start":{"line":97,"column":25},"end":{"line":100,"column":11}},"line":97},"11":{"name":"(anonymous_11)","decl":{"start":{"line":133,"column":34},"end":{"line":133,"column":35}},"loc":{"start":{"line":133,"column":43},"end":{"line":148,"column":25}},"line":133},"12":{"name":"(anonymous_12)","decl":{"start":{"line":138,"column":45},"end":{"line":138,"column":51}},"loc":{"start":{"line":138,"column":51},"end":{"line":138,"column":null}},"line":138},"13":{"name":"(anonymous_13)","decl":{"start":{"line":164,"column":49},"end":{"line":164,"column":55}},"loc":{"start":{"line":164,"column":55},"end":{"line":164,"column":null}},"line":164},"14":{"name":"(anonymous_14)","decl":{"start":{"line":172,"column":53},"end":{"line":172,"column":59}},"loc":{"start":{"line":172,"column":59},"end":{"line":172,"column":null}},"line":172},"15":{"name":"(anonymous_15)","decl":{"start":{"line":225,"column":54},"end":{"line":225,"column":55}},"loc":{"start":{"line":225,"column":61},"end":{"line":225,"column":null}},"line":225},"16":{"name":"(anonymous_16)","decl":{"start":{"line":237,"column":54},"end":{"line":237,"column":55}},"loc":{"start":{"line":237,"column":61},"end":{"line":237,"column":null}},"line":237},"17":{"name":"(anonymous_17)","decl":{"start":{"line":249,"column":54},"end":{"line":249,"column":55}},"loc":{"start":{"line":249,"column":61},"end":{"line":249,"column":null}},"line":249},"18":{"name":"(anonymous_18)","decl":{"start":{"line":262,"column":50},"end":{"line":262,"column":51}},"loc":{"start":{"line":262,"column":57},"end":{"line":262,"column":null}},"line":262},"19":{"name":"(anonymous_19)","decl":{"start":{"line":278,"column":58},"end":{"line":278,"column":59}},"loc":{"start":{"line":278,"column":65},"end":{"line":278,"column":null}},"line":278},"20":{"name":"(anonymous_20)","decl":{"start":{"line":287,"column":58},"end":{"line":287,"column":59}},"loc":{"start":{"line":287,"column":65},"end":{"line":287,"column":null}},"line":287},"21":{"name":"(anonymous_21)","decl":{"start":{"line":296,"column":58},"end":{"line":296,"column":59}},"loc":{"start":{"line":296,"column":65},"end":{"line":296,"column":null}},"line":296},"22":{"name":"(anonymous_22)","decl":{"start":{"line":305,"column":58},"end":{"line":305,"column":59}},"loc":{"start":{"line":305,"column":65},"end":{"line":305,"column":null}},"line":305},"23":{"name":"(anonymous_23)","decl":{"start":{"line":314,"column":58},"end":{"line":314,"column":59}},"loc":{"start":{"line":314,"column":65},"end":{"line":314,"column":null}},"line":314},"24":{"name":"(anonymous_24)","decl":{"start":{"line":334,"column":53},"end":{"line":334,"column":59}},"loc":{"start":{"line":334,"column":59},"end":{"line":334,"column":null}},"line":334},"25":{"name":"(anonymous_25)","decl":{"start":{"line":389,"column":58},"end":{"line":389,"column":59}},"loc":{"start":{"line":389,"column":65},"end":{"line":389,"column":null}},"line":389},"26":{"name":"(anonymous_26)","decl":{"start":{"line":397,"column":57},"end":{"line":397,"column":63}},"loc":{"start":{"line":397,"column":63},"end":{"line":400,"column":null}},"line":397},"27":{"name":"(anonymous_27)","decl":{"start":{"line":570,"column":65},"end":{"line":570,"column":66}},"loc":{"start":{"line":571,"column":48},"end":{"line":582,"column":null}},"line":571},"28":{"name":"(anonymous_28)","decl":{"start":{"line":574,"column":61},"end":{"line":574,"column":67}},"loc":{"start":{"line":574,"column":67},"end":{"line":574,"column":null}},"line":574},"29":{"name":"(anonymous_29)","decl":{"start":{"line":592,"column":54},"end":{"line":592,"column":55}},"loc":{"start":{"line":592,"column":61},"end":{"line":592,"column":null}},"line":592},"30":{"name":"(anonymous_30)","decl":{"start":{"line":607,"column":54},"end":{"line":607,"column":55}},"loc":{"start":{"line":607,"column":61},"end":{"line":607,"column":null}},"line":607}},"branchMap":{"0":{"loc":{"start":{"line":17,"column":14},"end":{"line":17,"column":null}},"type":"binary-expr","locations":[{"start":{"line":17,"column":14},"end":{"line":17,"column":28}},{"start":{"line":17,"column":28},"end":{"line":17,"column":null}}],"line":17},"1":{"loc":{"start":{"line":18,"column":15},"end":{"line":18,"column":null}},"type":"binary-expr","locations":[{"start":{"line":18,"column":15},"end":{"line":18,"column":30}},{"start":{"line":18,"column":30},"end":{"line":18,"column":null}}],"line":18},"2":{"loc":{"start":{"line":19,"column":13},"end":{"line":19,"column":null}},"type":"binary-expr","locations":[{"start":{"line":19,"column":13},"end":{"line":19,"column":26}},{"start":{"line":19,"column":26},"end":{"line":19,"column":null}}],"line":19},"3":{"loc":{"start":{"line":20,"column":15},"end":{"line":20,"column":null}},"type":"binary-expr","locations":[{"start":{"line":20,"column":15},"end":{"line":20,"column":30}},{"start":{"line":20,"column":30},"end":{"line":20,"column":null}}],"line":20},"4":{"loc":{"start":{"line":35,"column":15},"end":{"line":41,"column":null}},"type":"cond-expr","locations":[{"start":{"line":35,"column":23},"end":{"line":35,"column":43}},{"start":{"line":35,"column":43},"end":{"line":41,"column":null}}],"line":35},"5":{"loc":{"start":{"line":60,"column":12},"end":{"line":62,"column":null}},"type":"if","locations":[{"start":{"line":60,"column":12},"end":{"line":62,"column":null}},{"start":{},"end":{}}],"line":60},"6":{"loc":{"start":{"line":113,"column":13},"end":{"line":119,"column":null}},"type":"binary-expr","locations":[{"start":{"line":113,"column":13},"end":{"line":113,"column":null}},{"start":{"line":114,"column":16},"end":{"line":119,"column":null}}],"line":113},"7":{"loc":{"start":{"line":139,"column":120},"end":{"line":141,"column":null}},"type":"cond-expr","locations":[{"start":{"line":140,"column":42},"end":{"line":140,"column":null}},{"start":{"line":141,"column":42},"end":{"line":141,"column":null}}],"line":139},"8":{"loc":{"start":{"line":155,"column":21},"end":{"line":427,"column":null}},"type":"binary-expr","locations":[{"start":{"line":155,"column":21},"end":{"line":155,"column":null}},{"start":{"line":156,"column":24},"end":{"line":427,"column":null}}],"line":155},"9":{"loc":{"start":{"line":162,"column":33},"end":{"line":185,"column":null}},"type":"cond-expr","locations":[{"start":{"line":163,"column":36},"end":{"line":168,"column":null}},{"start":{"line":170,"column":36},"end":{"line":185,"column":null}}],"line":162},"10":{"loc":{"start":{"line":183,"column":45},"end":{"line":183,"column":null}},"type":"cond-expr","locations":[{"start":{"line":183,"column":56},"end":{"line":183,"column":70}},{"start":{"line":183,"column":70},"end":{"line":183,"column":null}}],"line":183},"11":{"loc":{"start":{"line":193,"column":41},"end":{"line":198,"column":null}},"type":"cond-expr","locations":[{"start":{"line":194,"column":44},"end":{"line":194,"column":null}},{"start":{"line":196,"column":44},"end":{"line":198,"column":null}}],"line":193},"12":{"loc":{"start":{"line":197,"column":49},"end":{"line":197,"column":null}},"type":"binary-expr","locations":[{"start":{"line":197,"column":49},"end":{"line":197,"column":74}},{"start":{"line":197,"column":74},"end":{"line":197,"column":null}}],"line":197},"13":{"loc":{"start":{"line":201,"column":37},"end":{"line":208,"column":null}},"type":"binary-expr","locations":[{"start":{"line":201,"column":37},"end":{"line":201,"column":null}},{"start":{"line":202,"column":40},"end":{"line":208,"column":null}}],"line":201},"14":{"loc":{"start":{"line":224,"column":51},"end":{"line":224,"column":null}},"type":"cond-expr","locations":[{"start":{"line":224,"column":63},"end":{"line":224,"column":80}},{"start":{"line":224,"column":80},"end":{"line":224,"column":null}}],"line":224},"15":{"loc":{"start":{"line":224,"column":80},"end":{"line":224,"column":null}},"type":"binary-expr","locations":[{"start":{"line":224,"column":80},"end":{"line":224,"column":94}},{"start":{"line":224,"column":94},"end":{"line":224,"column":null}}],"line":224},"16":{"loc":{"start":{"line":226,"column":146},"end":{"line":226,"column":218}},"type":"cond-expr","locations":[{"start":{"line":226,"column":158},"end":{"line":226,"column":187}},{"start":{"line":226,"column":187},"end":{"line":226,"column":218}}],"line":226},"17":{"loc":{"start":{"line":236,"column":51},"end":{"line":236,"column":null}},"type":"cond-expr","locations":[{"start":{"line":236,"column":63},"end":{"line":236,"column":81}},{"start":{"line":236,"column":81},"end":{"line":236,"column":null}}],"line":236},"18":{"loc":{"start":{"line":236,"column":81},"end":{"line":236,"column":null}},"type":"binary-expr","locations":[{"start":{"line":236,"column":81},"end":{"line":236,"column":96}},{"start":{"line":236,"column":96},"end":{"line":236,"column":null}}],"line":236},"19":{"loc":{"start":{"line":238,"column":146},"end":{"line":238,"column":218}},"type":"cond-expr","locations":[{"start":{"line":238,"column":158},"end":{"line":238,"column":187}},{"start":{"line":238,"column":187},"end":{"line":238,"column":218}}],"line":238},"20":{"loc":{"start":{"line":248,"column":51},"end":{"line":248,"column":null}},"type":"cond-expr","locations":[{"start":{"line":248,"column":63},"end":{"line":248,"column":81}},{"start":{"line":248,"column":81},"end":{"line":248,"column":null}}],"line":248},"21":{"loc":{"start":{"line":248,"column":81},"end":{"line":248,"column":null}},"type":"binary-expr","locations":[{"start":{"line":248,"column":81},"end":{"line":248,"column":96}},{"start":{"line":248,"column":96},"end":{"line":248,"column":null}}],"line":248},"22":{"loc":{"start":{"line":250,"column":57},"end":{"line":250,"column":null}},"type":"cond-expr","locations":[{"start":{"line":250,"column":69},"end":{"line":250,"column":91}},{"
[...]
,"/Users/user/Fiilar-Test-App/apps/web/src/features/Notifications/pages/NotificationsPage.tsx": {"path":"/Users/user/Fiilar-Test-App/apps/web/src/features/Notifications/pages/NotificationsPage.tsx","statementMap":{"0":{"start":{"line":11,"column":60},"end":{"line":251,"column":null}},"1":{"start":{"line":12,"column":42},"end":{"line":12,"column":null}},"2":{"start":{"line":13,"column":28},"end":{"line":13,"column":null}},"3":{"start":{"line":14,"column":10},"end":{"line":14,"column":null}},"4":{"start":{"line":16,"column":4},"end":{"line":18,"column":null}},"5":{"start":{"line":17,"column":8},"end":{"line":17,"column":null}},"6":{"start":{"line":20,"column":30},"end":{"line":23,"column":null}},"7":{"start":{"line":21,"column":14},"end":{"line":21,"column":null}},"8":{"start":{"line":22,"column":8},"end":{"line":22,"column":null}},"9":{"start":{"line":25,"column":37},"end":{"line":30,"column":null}},"10":{"start":{"line":26,"column":8},"end":{"line":26,"column":null}},"11":{"start":{"line":28,"column":24},"end":{"line":28,"column":null}},"12":{"start":{"line":28,"column":50},"end":{"line":28,"column":73}},"13":{"start":{"line":29,"column":8},"end":{"line":29,"column":null}},"14":{"start":{"line":32,"column":29},"end":{"line":35,"column":null}},"15":{"start":{"line":33,"column":8},"end":{"line":33,"column":null}},"16":{"start":{"line":34,"column":8},"end":{"line":34,"column":null}},"17":{"start":{"line":37,"column":32},"end":{"line":40,"column":null}},"18":{"start":{"line":38,"column":8},"end":{"line":38,"column":null}},"19":{"start":{"line":39,"column":8},"end":{"line":39,"column":null}},"20":{"start":{"line":42,"column":36},"end":{"line":54,"column":null}},"21":{"start":{"line":43,"column":8},"end":{"line":45,"column":null}},"22":{"start":{"line":44,"column":12},"end":{"line":44,"column":null}},"23":{"start":{"line":48,"column":8},"end":{"line":53,"column":null}},"24":{"start":{"line":49,"column":12},"end":{"line":49,"column":null}},"25":{"start":{"line":50,"column":8},"end":{"line":53,"column":null}},"26":{"start":{"line":52,"column":12},"end":{"line":52,"column":null}},"27":{"start":{"line":56,"column":20},"end":{"line":75,"column":null}},"28":{"start":{"line":57,"column":8},"end":{"line":59,"column":null}},"29":{"start":{"line":58,"column":12},"end":{"line":58,"column":null}},"30":{"start":{"line":61,"column":8},"end":{"line":74,"column":null}},"31":{"start":{"line":63,"column":16},"end":{"line":63,"column":null}},"32":{"start":{"line":65,"column":16},"end":{"line":65,"column":null}},"33":{"start":{"line":67,"column":16},"end":{"line":67,"column":null}},"34":{"start":{"line":69,"column":16},"end":{"line":69,"column":null}},"35":{"start":{"line":71,"column":16},"end":{"line":71,"column":null}},"36":{"start":{"line":73,"column":16},"end":{"line":73,"column":null}},"37":{"start":{"line":77,"column":29},"end":{"line":86,"column":null}},"38":{"start":{"line":78,"column":8},"end":{"line":85,"column":null}},"39":{"start":{"line":80,"column":16},"end":{"line":80,"column":null}},"40":{"start":{"line":82,"column":16},"end":{"line":82,"column":null}},"41":{"start":{"line":84,"column":16},"end":{"line":84,"column":null}},"42":{"start":{"line":88,"column":34},"end":{"line":92,"column":null}},"43":{"start":{"line":89,"column":8},"end":{"line":89,"column":null}},"44":{"start":{"line":89,"column":33},"end":{"line":89,"column":null}},"45":{"start":{"line":90,"column":8},"end":{"line":90,"column":null}},"46":{"start":{"line":90,"column":33},"end":{"line":90,"column":null}},"47":{"start":{"line":91,"column":8},"end":{"line":91,"column":null}},"48":{"start":{"line":94,"column":24},"end":{"line":94,"column":null}},"49":{"start":{"line":94,"column":50},"end":{"line":94,"column":57}},"50":{"start":{"line":95,"column":24},"end":{"line":95,"column":null}},"51":{"start":{"line":95,"column":50},"end":{"line":95,"column":73}},"52":{"start":{"line":98,"column":33},"end":{"line":118,"column":null}},"53":{"start":{"line":99,"column":21},"end":{"line":99,"column":null}},"54":{"start":{"line":100,"column":22},"end":{"line":100,"column":null}},"55":{"start":{"line":101,"column":26},"end":{"line":101,"column":null}},"56":{"start":{"line":102,"column":8},"end":{"line":102,"column":null}},"57":{"start":{"line":104,"column":20},"end":{"line":104,"column":null}},"58":{"start":{"line":105,"column":8},"end":{"line":113,"column":null}},"59":{"start":{"line":106,"column":12},"end":{"line":106,"column":null}},"60":{"start":{"line":107,"column":8},"end":{"line":113,"column":null}},"61":{"start":{"line":108,"column":12},"end":{"line":108,"column":null}},"62":{"start":{"line":109,"column":8},"end":{"line":113,"column":null}},"63":{"start":{"line":110,"column":12},"end":{"line":110,"column":null}},"64":{"start":{"line":112,"column":12},"end":{"line":112,"column":null}},"65":{"start":{"line":115,"column":8},"end":{"line":115,"column":null}},"66":{"start":{"line":115,"column":28},"end":{"line":115,"column":null}},"67":{"start":{"line":116,"column":8},"end":{"line":116,"column":null}},"68":{"start":{"line":117,"column":8},"end":{"line":117,"column":null}},"69":{"start":{"line":120,"column":4},"end":{"line":249,"column":null}},"70":{"start":{"line":129,"column":35},"end":{"line":129,"column":null}},"71":{"start":{"line":142,"column":43},"end":{"line":142,"column":null}},"72":{"start":{"line":151,"column":43},"end":{"line":151,"column":null}},"73":{"start":{"line":160,"column":43},"end":{"line":160,"column":null}},"74":{"start":{"line":191,"column":20},"end":{"line":246,"column":null}},"75":{"start":{"line":195,"column":32},"end":{"line":243,"column":null}},"76":{"start":{"line":197,"column":51},"end":{"line":197,"column":null}},"77":{"start":{"line":233,"column":72},"end":{"line":233,"column":null}}},"fnMap":{"0":{"name":"(anonymous_0)","decl":{"start":{"line":11,"column":60},"end":{"line":11,"column":61}},"loc":{"start":{"line":11,"column":76},"end":{"line":251,"column":null}},"line":11},"1":{"name":"(anonymous_1)","decl":{"start":{"line":16,"column":14},"end":{"line":16,"column":20}},"loc":{"start":{"line":16,"column":20},"end":{"line":18,"column":7}},"line":16},"2":{"name":"(anonymous_2)","decl":{"start":{"line":20,"column":30},"end":{"line":20,"column":36}},"loc":{"start":{"line":20,"column":36},"end":{"line":23,"column":null}},"line":20},"3":{"name":"(anonymous_3)","decl":{"start":{"line":25,"column":37},"end":{"line":25,"column":38}},"loc":{"start":{"line":25,"column":86},"end":{"line":30,"column":null}},"line":25},"4":{"name":"(anonymous_4)","decl":{"start":{"line":28,"column":45},"end":{"line":28,"column":50}},"loc":{"start":{"line":28,"column":50},"end":{"line":28,"column":73}},"line":28},"5":{"name":"(anonymous_5)","decl":{"start":{"line":32,"column":29},"end":{"line":32,"column":30}},"loc":{"start":{"line":32,"column":57},"end":{"line":35,"column":null}},"line":32},"6":{"name":"(anonymous_6)","decl":{"start":{"line":37,"column":32},"end":{"line":37,"column":38}},"loc":{"start":{"line":37,"column":38},"end":{"line":40,"column":null}},"line":37},"7":{"name":"(anonymous_7)","decl":{"start":{"line":42,"column":36},"end":{"line":42,"column":37}},"loc":{"start":{"line":42,"column":68},"end":{"line":54,"column":null}},"line":42},"8":{"name":"(anonymous_8)","decl":{"start":{"line":56,"column":20},"end":{"line":56,"column":21}},"loc":{"start":{"line":56,"column":88},"end":{"line":75,"column":null}},"line":56},"9":{"name":"(anonymous_9)","decl":{"start":{"line":77,"column":29},"end":{"line":77,"column":30}},"loc":{"start":{"line":77,"column":69},"end":{"line":86,"column":null}},"line":77},"10":{"name":"(anonymous_10)","decl":{"start":{"line":88,"column":55},"end":{"line":88,"column":60}},"loc":{"start":{"line":88,"column":60},"end":{"line":92,"column":5}},"line":88},"11":{"name":"(anonymous_11)","decl":{"start":{"line":94,"column":45},"end":{"line":94,"column":50}},"loc":{"start":{"line":94,"column":50},"end":{"line":94,"column":57}},"line":94},"12":{"name":"(anonymous_12)","decl":{"start":{"line":95,"column":45},"end":{"line":95,"column":50}},"loc":{"start":{"line":95,"column":50},"end":{"line":95,"column":73}},"line":95},"13":{"name":"(anonymous_13)","decl":{"start":{"line":98,"column":62},"end":{"line":98,"column":63}},"loc":{"start":{"line":98,"column":88},"end":{"line":118,"column":7}},"line":98},"14":{"name":"(anonymous_14)","decl":{"start":{"line":129,"column":29},"end":{"line":129,"column":35}},"loc":{"start":{"line":129,"column":35},"end":{"line":129,"column":null}},"line":129},"15":{"name":"(anonymous_15)","decl":{"start":{"line":142,"column":37},"end":{"line":142,"column":43}},"loc":{"start":{"line":142,"column":43},"end":{"line":142,"column":null}},"line":142},"16":{"name":"(anonymous_16)","decl":{"start":{"line":151,"column":37},"end":{"line":151,"column":43}},"loc":{"start":{"line":151,"column":43},"end":{"line":151,"column":null}},"line":151},"17":{"name":"(anonymous_17)","decl":{"start":{"line":160,"column":37},"end":{"line":160,"column":43}},"loc":{"start":{"line":160,"column":43},"end":{"line":160,"column":null}},"line":160},"18":{"name":"(anonymous_18)","decl":{"start":{"line":190,"column":57},"end":{"line":190,"column":58}},"loc":{"start":{"line":191,"column":20},"end":{"line":246,"column":null}},"line":191},"19":{"name":"(anonymous_19)","decl":{"start":{"line":194,"column":40},"end":{"line":194,"column":41}},"loc":{"start":{"line":195,"column":32},"end":{"line":243,"column":null}},"line":195},"20":{"name":"(anonymous_20)","decl":{"start":{"line":197,"column":45},"end":{"line":197,"column":51}},"loc":{"start":{"line":197,"column":51},"end":{"line":197,"column":null}},"line":197},"21":{"name":"(anonymous_21)","decl":{"start":{"line":233,"column":65},"end":{"line":233,"column":66}},"loc":{"start":{"line":233,"column":72},"end":{"line":233,"column":null}},"line":233}},"branchMap":{"0":{"loc":{"start":{"line":43,"column":8},"end":{"line":45,"column":null}},"type":"if","locations":[{"start":{"line":43,"column":8},"end":{"line":45,"column":null}},{"start":{},"end":{}}],"line":43},"1":{"loc":{"start":{"line":48,"column":8},"end":{"line":53,"column":null}},"type":"if","locations":[{"start":{"line":48,"column":8},"end":{"line":53,"column":null}},{"start":{"line":50,"column":8},"end":{"line":53,"column":null}}],"line":48},"2":{"loc":{"start":{"line":50,"column":8},"end":{"line":53,"column":null}},"type":"if","locations":[{"start":{"line":50,"column":8},"end":{"line":53,"column":null}},{"start":{},"end":{}}],"line":50},"3":{"loc":{"start":{"line":50,"column":19},"end":{"line":50,"column":93}},"type":"binary-expr","locations":[{"start":{"line":50,"column":19},"end":{"line":50,"column":60}},{"start":{"line":50,"column":60},"end":{"line":50,"column":93}}],"line":50},"4":{"loc":{"start":{"line":57,"column":8},"end":{"line":59,"column":null}},"type":"if","locations":[{"start":{"line":57,"column":8},"end":{"line":59,"column":null}},{"start":{},"end":{}}],"line":57},"5":{"loc":{"start":{"line":61,"column":8},"end":{"line":74,"column":null}},"type":"switch","locations":[{"start":{"line":62,"column":12},"end":{"line":63,"column":null}},{"start":{"line":64,"column":12},"end":{"line":65,"column":null}},{"start":{"line":66,"column":12},"end":{"line":67,"column":null}},{"start":{"line":68,"column":12},"end":{"line":69,"column":null}},{"start":{"line":70,"column":12},"end":{"line":71,"column":null}},{"start":{"line":72,"column":12},"end":{"line":73,"column":null}}],"line":61},"6":{"loc":{"start":{"line":78,"column":8},"end":{"line":85,"column":null}},"type":"switch","locations":[{"start":{"line":79,"column":12},"end":{"line":80,"column":null}},{"start":{"line":81,"column":12},"end":{"line":82,"column":null}},{"start":{"line":83,"column":12},"end":{"line":84,"column":null}}],"line":78},"7":{"loc":{"start":{"line":89,"column":8},"end":{"line":89,"column":null}},"type":"if","locations":[{"start":{"line":89,"column":8},"end":{"line":89,"column":null}},{"start":{},"end":{}}],"line":89},"8":{"loc":{"start":{"line":90,"column":8},"end":{"line":90,"column":null}},"type":"if","locations":[{"start":{"line":90,"column":8},"end":{"line":90,"column":null}},{"start":{},"end":{}}],"line":90},"9":{"loc":{"start":{"line":105,"column":8},"end":{"line":113,"column":null}},"type":"if","locations":[{"start":{"line":105,"column":8},"end":{"line":113,"column":null}},{"start":{"line":107,"column":8},"end":{"line":113,"column":null}}],"line":105},"10":{"loc":{"start":{"line":107,"column":8},"end":{"line":113,"column":null}},"type":"if","locations":[{"start":{"line":107,"column":8},"end":{"line":113,"column":null}},{"start":{"line":109,"column":8},"end":{"line":113,"column":null}}],"line":107},"11":{"loc":{"start":{"line":109,"column":8},"end":{"line":113,"column":null}},"type":"if","locations":[{"start":{"line":109,"column":8},"end":{"line":113,"column":null}},{"start":{"line":111,"column":15},"end":{"line":113,"column":null}}],"line":109},"12":{"loc":{"start":{"line":115,"column":8},"end":{"line":115,"column":null}},"type":"if","locations":[{"start":{"line":115,"column":8},"end":{"line":115,"column":null}},{"start":{},"end":{}}],"line":115},"13":{"loc":{"start":{"line":143,"column":94},"end":{"line":145,"column":null}},"type":"cond-expr","locations":[{"start":{"line":144,"column":38},"end":{"line":144,"column":null}},{"start":{"line":145,"column":38},"end":{"line":145,"column":null}}],"line":143},"14":{"loc":{"start":{"line":152,"column":94},"end":{"line":154,"column":null}},"type":"cond-expr","locations":[{"start":{"line":153,"column":38},"end":{"line":153,"column":null}},{"start":{"line":154,"column":38},"end":{"line":154,"column":null}}],"line":152},"15":{"loc":{"start":{"line":161,"column":94},"end":{"line":163,"column":null}},"type":"cond-expr","locations":[{"start":{"line":162,"column":38},"end":{"line":162,"column":null}},{"start":{"line":163,"column":38},"end":{"line":163,"column":null}}],"line":161},"16":{"loc":{"start":{"line":170,"column":21},"end":{"line":177,"column":null}},"type":"binary-expr","locations":[{"start":{"line":170,"column":21},"end":{"line":170,"column":null}},{"start":{"line":171,"column":24},"end":{"line":177,"column":null}}],"line":170},"17":{"loc":{"start":{"line":183,"column":13},"end":{"line":247,"column":null}},"type":"cond-expr","locations":[{"start":{"line":184,"column":16},"end":{"line":188,"column":null}},{"start":{"line":190,"column":16},"end":{"line":247,"column":null}}],"line":183},"18":{"loc":{"start":{"line":198,"column":155},"end":{"line":198,"column":null}},"type":"cond-expr","locations":[{"start":{"line":198,"column":176},"end":{"line":198,"column":207}},{"start":{"line":198,"column":207},"end":{"line":198,"column":null}}],"line":198},"19":{"loc":{"start":{"line":210,"column":49},"end":{"line":211,"column":null}},"type":"binary-expr","locations":[{"start":{"line":210,"column":49},"end":{"line":210,"column":null}},{"start":{"line":211,"column":52},"end":{"line":211,"column":null}}],"line":210},"20":{"loc":{"start":{"line":227,"column":53},"end":{"line":230,"column":null}},"type":"binary-expr","locations":[{"start":{"line":227,"column":53},"end":{"line":227,"column":null}},{"start":{"line":228,"column":56},"end":{"line":230,"column":null}}],"line":227}},"s":{"0":2,"1":25,"2":25,"3":25,"4":25,"5":9,"6":25,"7":12,"8":12,"9":25,"10":1,"11":1,"12":3,"13":1,"14":25,"15":2,"16":2,"17":25,"18":1,"19":1,"20":25,"21":2,"22":2,"23":2,"24":1,"25":1,"26":1,"27":25,"28":32,"29":12,"30":20,"31":0,"32":0,"33":9,"34":1,"35":9,"36":1,"37":25,"38":32,"39":12,"40":1,"41":19,"42":25,"43":36,"44":3,"45":33,"46":33,"47":30,"48":25,"49":36,"50":25,"51":36,"52":25,"53":32,"54":32,"55":32,"56":32,"57":32,"58":32,"59":13,"60":19,"61":9,"62":10,"63":1,"64":9,"65":32,"66":32,"67":32,"68":32,"69":25,"70":1,"71":1,"72":1,"73":1,"74":32,"75":32,"76":2,"77":1},"f":{"0":25,"1":9,"2":12,"3":1,"4":3,"5":2,"6":1,"7":2,"8":32,"9":32,"10":36,"11":36,"12":36,"13":32,"14":1,"15":1,"16":1,"17":1,"18":32,"19":32,"20":2,"21":1},"b":{"0":[2,0],"1":[1,1],"2":[1,0],"3":[1,1],"4":[12,20],"5":[20,0,9,1,9,1],"6":[12,1,19],"7":[3,33],"8":[3,30],"9":[13,19],"10":[9,10],"11":[1,9],"12":[32,0],"13":[23,2],"14":[1,24],"15":[1,24],"16":[25,13],"17":[11,14],"18":[14,18],"19":[32,14],"20":[32,0]},"meta":{"lastBranch":21,"lastFunction":22,"lastStatement":78,"seen":{"s:11:60:251:Infinity":0,"f:11:60:11:61":0,"s:12:42:12:Infinity":1,"s:13:28:13:Infinity":2,"s:14:10:14:Infinity":3,"s:16:4:18:Infinity":4,"f:16:14:16:20":1,"s:17:8:17:Infinity":5,"s:20:30:23:Infinity":6,"f:20:30:20:36":2,"s:21:14:21:Infinity":7,"s:22:8:22:Infinity":8,"s:25:37:30:Infinity":9,"f:25:37:25:38":3,"s:26:8:26:Infinity":10,"s:28:24:28:Infinity":11,"f:28:45:28:50":4,"s:28:50:28:73":12,"s:29:8:29:Infinity":13,"s:32:29:35:Infinity":14,"f:32:29:32:30":5,"s:33:8:33:Infinity":15,"s:34:8:34:Infinity":16,"s:37:32:40:Infinity":17,"f:37:32:37:38":6,"s:38:8:38:Infinity":18,"s:39:8:39:Infinity":19,"s:42:36:54:Infinity":20,"f:42:36:42:37":7,"b:43:8:45:Infinity:undefined:undefined:undefined:undefined":0,"s:43:8:45:Infinity":21,"s:44:12:44:Infinity":22,"b:48:8:53:Infinity:50:8:53:Infinity":1,"s:48:8:53:Infinity":23,"s:49:12:49:Infinity":24,"b:50:8:53:Infinity:undefined:undefined:undefined:undefined":2,"s:50:8:53:Infinity":25,"b:50:19:50:60:50:60:50:93":3,"s:52:12:52:Infinity":26,"s:56:20:75:Infinity":27,"f:56:20:56:21":8,"b:57:8:59:Infinity:undefined:undefined:undefined:undefined":4,"s:57:8:59:Infinity":28,"s:58:12:58:Infinity":29,"b:62:12:63:Infinity:64:12:65:Infinity:66:12:67:Infinity:68:12:69:Infinity:70:12:71:Infinity:72:12:73:Infinity":5,"s:61:8:74:Infinity":30,"s:63:16:63:Infinity":31,"s:65:16:65:Infinity":32,"s:67:16:67:Infinity":33,"s:69:16:69:Infinity":34,"s:71:16:71:Infinity":35,"s:73:16:73:Infinity":36,"s:77:29:86:Infinity":37,"f:77:29:77:30":9,"b:79:12:80:Infinity:81:12:82:Infinity:83:12:84:Infinity":6,"s:78:8:85:Infinity":38,"s:80:16:80:Infinity":39,"s:82:16:82:Infinity":40,"s:84:16:84:Infinity":41,"s:88:34:92:Infinity":42,"f:88:55:88:60":10,"b:89:8:89:Infinity:undefined:undefined:undefined:undefined":7,"s:89:8:89:Infinity":43,"s:89:33:89:Infinity":44,"b:90:8:90:Infinity:undefined:undefined:undefined:undefined":8,"s:90:8:90:Infinity":45,"s:90:33:90:Infinity":46,"s:91:8:91:Infinity":47,"s:94:24:94:Infinity":48,"f:94:45:94:50":11,"s:94:50:94:57":49,"s:95:24:95:Infinity":50,"f:95:45:95:50":12,"s:95:50:95:73":51,"s:98:33:118:Infinity":52,"f:98:62:98:63":13,"s:99:21:99:Infinity":53,"s:100:22:100:Infinity":54,"s:101:26:101:Infinity":55,"s:102:8:102:Infinity":56,"s:104:20:104:Infinity":57,"b:105:8:113:Infinity:107:8:113:Infinity":9,"s:105:8:113:Infinity":58,"s:106:12:106:Infinity":59,"b:107:8:113:Infinity:109:8:113:Infinity":10,"s:107:8:113:Infinity":60,"s:108:12:108:Infinity":61,"b:109:8:113:Infinity:111:15:113:Infinity":11,"s:109:8:113:Infinity":62,"s:110:12:110:Infinity":63,"s:112:12:112:Infinity":64,"b:115:8:115:Infinity:undefined:undefined:undefined:undefined":12,"s:115:8:115:Infinity":65,"s:115:28:115:Infinity":66,"s:116:8:116:Infinity":67,"s:117:8:117:Infinity":68,"s:120:4:249:Infinity":69,"f:129:29:129:35":14,"s:129:35:129:Infinity":70,"f:142:37:142:43":15,"s:142:43:142:Infinity":71,"b:144:38:144:Infinity:145:38:145:Infinity":13,"f:151:37:151:43":16,"s:151:43:151:Infinity":72,"b:153:38:153:Infinity:154:38:154:Infinity":14,"f:160:37:160:43":17,"s:160:43:160:Infinity":73,"b:162:38:162:Infinity:163:38:163:Infinity":15,"b:170:21:170:Infinity:171:24:177:Infinity":16,"b:184:16:188:Infinity:190:16:247:Infinity":17,"f:190:57:190:58":18,"s:191:20:246:Infinity":74,"f:194:40:194:41":19,"s:195:32:243:Infinity":75,"f:197:45:197:51":20,"s:197:51:197:Infinity":76,"b:198:176:198:207:198:207:198:Infinity":18,"b:210:49:210:Infinity:211:52:211:Infinity":19,"b:227:53:227:Infinity:228:56:230:Infinity":20,"f:233:65:233:66":21,"s:233:72:233:Infinity":77}}}
}
